

================================================================
== Vitis HLS Report for 'qr_binarize_Pipeline_VITIS_LOOP_21_1'
================================================================
* Date:           Wed Jun 17 23:21:52 2026

* Version:        2022.2 (Build 3670227 on Oct 13 2022)
* Project:        qr_binarize_hls
* Solution:       solution1 (Vivado IP Flow Target)
* Product family: zynq
* Target device:  xc7z010-clg400-1


================================================================
== Performance Estimates
================================================================
+ Timing: 
    * Summary: 
    +--------+----------+----------+------------+
    |  Clock |  Target  | Estimated| Uncertainty|
    +--------+----------+----------+------------+
    |ap_clk  |  10.00 ns|  6.450 ns|     2.70 ns|
    +--------+----------+----------+------------+

+ Latency: 
    * Summary: 
    +---------+---------+----------+----------+-------+-------+---------+
    |  Latency (cycles) |  Latency (absolute) |    Interval   | Pipeline|
    |   min   |   max   |    min   |    max   |  min  |  max  |   Type  |
    +---------+---------+----------+----------+-------+-------+---------+
    |    90005|    90005|  0.900 ms|  0.900 ms|  90005|  90005|       no|
    +---------+---------+----------+----------+-------+-------+---------+

    + Detail: 
        * Instance: 
        N/A

        * Loop: 
        +-------------------+---------+---------+----------+-----------+-----------+-------+----------+
        |                   |  Latency (cycles) | Iteration|  Initiation Interval  |  Trip |          |
        |     Loop Name     |   min   |   max   |  Latency |  achieved |   target  | Count | Pipelined|
        +-------------------+---------+---------+----------+-----------+-----------+-------+----------+
        |- VITIS_LOOP_21_1  |    90003|    90003|         5|          1|          1|  90000|       yes|
        +-------------------+---------+---------+----------+-----------+-----------+-------+----------+



================================================================
== Utilization Estimates
================================================================
* Summary: 
+-----------------+---------+----+-------+-------+-----+
|       Name      | BRAM_18K| DSP|   FF  |  LUT  | URAM|
+-----------------+---------+----+-------+-------+-----+
|DSP              |        -|   2|      -|      -|    -|
|Expression       |        -|   -|      0|     98|    -|
|FIFO             |        -|   -|      -|      -|    -|
|Instance         |        -|   0|      0|     51|    -|
|Memory           |        -|   -|      -|      -|    -|
|Multiplexer      |        -|   -|      -|     54|    -|
|Register         |        -|   -|    130|     32|    -|
+-----------------+---------+----+-------+-------+-----+
|Total            |        0|   2|    130|    235|    0|
+-----------------+---------+----+-------+-------+-----+
|Available        |      120|  80|  35200|  17600|    0|
+-----------------+---------+----+-------+-------+-----+
|Utilization (%)  |        0|   2|     ~0|      1|    0|
+-----------------+---------+----+-------+-------+-----+

+ Detail: 
    * Instance: 
    +-----------------------+--------------------+---------+----+---+----+-----+
    |        Instance       |       Module       | BRAM_18K| DSP| FF| LUT| URAM|
    +-----------------------+--------------------+---------+----+---+----+-----+
    |mul_8ns_9ns_16_1_1_U1  |mul_8ns_9ns_16_1_1  |        0|   0|  0|  51|    0|
    +-----------------------+--------------------+---------+----+---+----+-----+
    |Total                  |                    |        0|   0|  0|  51|    0|
    +-----------------------+--------------------+---------+----+---+----+-----+

    * DSP: 
    +-----------------------------------+--------------------------------+--------------+
    |              Instance             |             Module             |  Expression  |
    +-----------------------------------+--------------------------------+--------------+
    |mac_muladd_8ns_5ns_16ns_16_4_1_U3  |mac_muladd_8ns_5ns_16ns_16_4_1  |  i0 + i1 * i2|
    |mac_muladd_8ns_7ns_16ns_16_4_1_U2  |mac_muladd_8ns_7ns_16ns_16_4_1  |  i0 + i1 * i2|
    +-----------------------------------+--------------------------------+--------------+

    * Memory: 
    N/A

    * FIFO: 
    N/A

    * Expression: 
    +----------------------------------+----------+----+---+----+------------+------------+
    |           Variable Name          | Operation| DSP| FF| LUT| Bitwidth P0| Bitwidth P1|
    +----------------------------------+----------+----+---+----+------------+------------+
    |i_V_2_fu_164_p2                   |         +|   0|  0|  39|          32|           1|
    |ap_block_state1_pp0_stage0_iter0  |       and|   0|  0|   2|           1|           1|
    |icmp_ln1027_fu_158_p2             |      icmp|   0|  0|  18|          32|          32|
    |icmp_ln1031_fu_238_p2             |      icmp|   0|  0|  11|           8|           8|
    |pout_last_V_fu_206_p2             |      icmp|   0|  0|  18|          33|          33|
    |ap_block_pp0_stage0_01001         |        or|   0|  0|   2|           1|           1|
    |dst_TDATA                         |    select|   0|  0|   2|           1|           2|
    |ap_enable_pp0                     |       xor|   0|  0|   2|           1|           2|
    |ret_V_8_fu_249_p2                 |       xor|   0|  0|   2|           1|           1|
    |white_V_fu_243_p2                 |       xor|   0|  0|   2|           1|           2|
    +----------------------------------+----------+----+---+----+------------+------------+
    |Total                             |          |   0|  0|  98|         111|          83|
    +----------------------------------+----------+----+---+----+------------+------------+

    * Multiplexer: 
    +-------------------------+----+-----------+-----+-----------+
    |           Name          | LUT| Input Size| Bits| Total Bits|
    +-------------------------+----+-----------+-----+-----------+
    |ap_done_int              |   9|          2|    1|          2|
    |ap_enable_reg_pp0_iter1  |   9|          2|    1|          2|
    |ap_sig_allocacmp_i_V_1   |   9|          2|   32|         64|
    |dst_TDATA_blk_n          |   9|          2|    1|          2|
    |i_V_fu_92                |   9|          2|   32|         64|
    |src_TDATA_blk_n          |   9|          2|    1|          2|
    +-------------------------+----+-----------+-----+-----------+
    |Total                    |  54|         12|   68|        136|
    +-------------------------+----+-----------+-----+-----------+

    * Register: 
    +----------------------------------+----+----+-----+-----------+
    |               Name               | FF | LUT| Bits| Const Bits|
    +----------------------------------+----+----+-----+-----------+
    |ap_CS_fsm                         |   1|   0|    1|          0|
    |ap_done_reg                       |   1|   0|    1|          0|
    |ap_enable_reg_pp0_iter1           |   1|   0|    1|          0|
    |ap_enable_reg_pp0_iter2           |   1|   0|    1|          0|
    |ap_enable_reg_pp0_iter3           |   1|   0|    1|          0|
    |ap_enable_reg_pp0_iter4           |   1|   0|    1|          0|
    |ap_loop_exit_ready_pp0_iter1_reg  |   1|   0|    1|          0|
    |ap_loop_exit_ready_pp0_iter2_reg  |   1|   0|    1|          0|
    |ap_loop_exit_ready_pp0_iter3_reg  |   1|   0|    1|          0|
    |b_V_reg_306                       |   8|   0|    8|          0|
    |g_reg_301                         |   8|   0|    8|          0|
    |g_reg_301_pp0_iter1_reg           |   8|   0|    8|          0|
    |i_V_fu_92                         |  32|   0|   32|          0|
    |pout_last_V_reg_316               |   1|   0|    1|          0|
    |pout_last_V_reg_316               |  64|  32|    1|          0|
    +----------------------------------+----+----+-----+-----------+
    |Total                             | 130|  32|   67|          0|
    +----------------------------------+----+----+-----+-----------+



================================================================
== Interface
================================================================
* Summary: 
+------------+-----+-----+------------+--------------------------------------+--------------+
|  RTL Ports | Dir | Bits|  Protocol  |             Source Object            |    C Type    |
+------------+-----+-----+------------+--------------------------------------+--------------+
|ap_clk      |   in|    1|  ap_ctrl_hs|  qr_binarize_Pipeline_VITIS_LOOP_21_1|  return value|
|ap_rst      |   in|    1|  ap_ctrl_hs|  qr_binarize_Pipeline_VITIS_LOOP_21_1|  return value|
|ap_start    |   in|    1|  ap_ctrl_hs|  qr_binarize_Pipeline_VITIS_LOOP_21_1|  return value|
|ap_done     |  out|    1|  ap_ctrl_hs|  qr_binarize_Pipeline_VITIS_LOOP_21_1|  return value|
|ap_idle     |  out|    1|  ap_ctrl_hs|  qr_binarize_Pipeline_VITIS_LOOP_21_1|  return value|
|ap_ready    |  out|    1|  ap_ctrl_hs|  qr_binarize_Pipeline_VITIS_LOOP_21_1|  return value|
|src_TVALID  |   in|    1|        axis|                          src_V_data_V|       pointer|
|src_TDATA   |   in|   32|        axis|                          src_V_data_V|       pointer|
|dst_TREADY  |   in|    1|        axis|                          dst_V_data_V|       pointer|
|dst_TDATA   |  out|    8|        axis|                          dst_V_data_V|       pointer|
|size        |   in|   32|     ap_none|                                  size|        scalar|
|src_TREADY  |  out|    1|        axis|                          src_V_last_V|       pointer|
|src_TLAST   |   in|    1|        axis|                          src_V_last_V|       pointer|
|src_TKEEP   |   in|    4|        axis|                          src_V_keep_V|       pointer|
|src_TSTRB   |   in|    4|        axis|                          src_V_strb_V|       pointer|
|threshold   |   in|    8|     ap_none|                             threshold|        scalar|
|invert      |   in|    1|     ap_none|                                invert|        scalar|
|sub_i_i     |   in|   33|     ap_none|                               sub_i_i|        scalar|
|dst_TVALID  |  out|    1|        axis|                          dst_V_last_V|       pointer|
|dst_TLAST   |  out|    1|        axis|                          dst_V_last_V|       pointer|
|dst_TKEEP   |  out|    1|        axis|                          dst_V_keep_V|       pointer|
|dst_TSTRB   |  out|    1|        axis|                          dst_V_strb_V|       pointer|
+------------+-----+-----+------------+--------------------------------------+--------------+

