#-----------------------------------------------------------
# xsim v2022.2 (64-bit)
# SW Build 3671981 on Fri Oct 14 04:59:54 MDT 2022
# IP Build 3669848 on Fri Oct 14 08:30:02 MDT 2022
# Start of session at: Thu Jun 18 00:09:36 2026
# Process ID: 156046
# Current directory: /home/phuc/HWSWCK/qr_binarize_hls/solution1/sim/verilog
# Command line: xsim -mode tcl -source {xsim.dir/qr_binarize/xsim_script.tcl}
# Log file: /home/phuc/HWSWCK/qr_binarize_hls/solution1/sim/verilog/xsim.log
# Journal file: /home/phuc/HWSWCK/qr_binarize_hls/solution1/sim/verilog/xsim.jou
# Running On: phuc-Precision-5560, OS: Linux, CPU Frequency: 1033.674 MHz, CPU Physical cores: 8, Host memory: 33361 MB
#-----------------------------------------------------------
source xsim.dir/qr_binarize/xsim_script.tcl
# xsim {qr_binarize} -autoloadwcfg -tclbatch {qr_binarize.tcl}
Time resolution is 1 ps
source qr_binarize.tcl
## run all
////////////////////////////////////////////////////////////////////////////////////
// Inter-Transaction Progress: Completed Transaction / Total Transaction
// Intra-Transaction Progress: Measured Latency / Latency Estimation * 100%
//
// RTL Simulation : "Inter-Transaction Progress" ["Intra-Transaction Progress"] @ "Simulation Time"
////////////////////////////////////////////////////////////////////////////////////
// RTL Simulation : 0 / 1 [0.00%] @ "125000"
// RTL Simulation : 1 / 1 [100.00%] @ "1295000"
////////////////////////////////////////////////////////////////////////////////////
$finish called at time : 1355 ns : File "/home/phuc/HWSWCK/qr_binarize_hls/solution1/sim/verilog/qr_binarize.autotb.v" Line 415
## quit
INFO: [Common 17-206] Exiting xsim at Thu Jun 18 00:09:38 2026...
