/home/phuc/HWSWCK/qr_binarize_hls/solution1/.autopilot/db/qr_binarize.pp.0.cpp:1561:7: warning: Added loop label VITIS_LOOP_1211_1:   [xilinx-label-all-loops]
      for (i = 0; i < __N - 1; ++i) {
      ^~~
      VITIS_LOOP_1211_1: 
/home/phuc/HWSWCK/qr_binarize_hls/solution1/.autopilot/db/qr_binarize.pp.0.cpp:1561:7: note: FIX-IT applied suggested code changes
/home/phuc/HWSWCK/qr_binarize_hls/solution1/.autopilot/db/qr_binarize.pp.0.cpp:2535:5: warning: Added loop label VITIS_LOOP_676_1:   [xilinx-label-all-loops]
    for (unsigned i = low; i != high; ++i) {
    ^~~
    VITIS_LOOP_676_1: 
/home/phuc/HWSWCK/qr_binarize_hls/solution1/.autopilot/db/qr_binarize.pp.0.cpp:2535:5: note: FIX-IT applied suggested code changes
/home/phuc/HWSWCK/qr_binarize_hls/solution1/.autopilot/db/qr_binarize.pp.0.cpp:2549:5: warning: Added loop label VITIS_LOOP_690_1:   [xilinx-label-all-loops]
    for (unsigned i = low; i != high; ++i) {
    ^~~
    VITIS_LOOP_690_1: 
/home/phuc/HWSWCK/qr_binarize_hls/solution1/.autopilot/db/qr_binarize.pp.0.cpp:2549:5: note: FIX-IT applied suggested code changes
/home/phuc/HWSWCK/qr_binarize_hls/solution1/.autopilot/db/qr_binarize.pp.0.cpp:2563:5: warning: Added loop label VITIS_LOOP_704_1:   [xilinx-label-all-loops]
    for (unsigned i = low; i != high; ++i) {
    ^~~
    VITIS_LOOP_704_1: 
/home/phuc/HWSWCK/qr_binarize_hls/solution1/.autopilot/db/qr_binarize.pp.0.cpp:2563:5: note: FIX-IT applied suggested code changes
/home/phuc/HWSWCK/qr_binarize_hls/solution1/.autopilot/db/qr_binarize.pp.0.cpp:4174:7: warning: Added loop label VITIS_LOOP_1245_1:   [xilinx-label-all-loops]
      for (i = 0; i < __N - 1; ++i) {
      ^~~
      VITIS_LOOP_1245_1: 
/home/phuc/HWSWCK/qr_binarize_hls/solution1/.autopilot/db/qr_binarize.pp.0.cpp:4174:7: note: FIX-IT applied suggested code changes
/home/phuc/HWSWCK/qr_binarize_hls/solution1/.autopilot/db/qr_binarize.pp.0.cpp:6340:2: warning: Added loop label VITIS_LOOP_21_1:   [xilinx-label-all-loops]
 for (ap_uint<32> i = 0; i < size; i++) {
 ^~~
 VITIS_LOOP_21_1: 
/home/phuc/HWSWCK/qr_binarize_hls/solution1/.autopilot/db/qr_binarize.pp.0.cpp:6340:2: note: FIX-IT applied suggested code changes
