

================================================================
== Vitis HLS Report for 'qr_binarize_Pipeline_VITIS_LOOP_21_1'
================================================================
* Date:           Wed Jun 17 23:21:52 2026

* Version:        2022.2 (Build 3670227 on Oct 13 2022)
* Project:        qr_binarize_hls
* Solution:       solution1 (Vivado IP Flow Target)
* Product family: zynq
* Target device:  xc7z010-clg400-1


================================================================
== Performance Estimates
================================================================
+ Timing: 
    * Summary: 
    +--------+----------+----------+------------+
    |  Clock |  Target  | Estimated| Uncertainty|
    +--------+----------+----------+------------+
    |ap_clk  |  10.00 ns|  6.450 ns|     2.70 ns|
    +--------+----------+----------+------------+

+ Latency: 
    * Summary: 
    +---------+---------+----------+----------+-------+-------+---------+
    |  Latency (cycles) |  Latency (absolute) |    Interval   | Pipeline|
    |   min   |   max   |    min   |    max   |  min  |  max  |   Type  |
    +---------+---------+----------+----------+-------+-------+---------+
    |    90005|    90005|  0.900 ms|  0.900 ms|  90005|  90005|       no|
    +---------+---------+----------+----------+-------+-------+---------+

    + Detail: 
        * Instance: 
        N/A

        * Loop: 
        +-------------------+---------+---------+----------+-----------+-----------+-------+----------+
        |                   |  Latency (cycles) | Iteration|  Initiation Interval  |  Trip |          |
        |     Loop Name     |   min   |   max   |  Latency |  achieved |   target  | Count | Pipelined|
        +-------------------+---------+---------+----------+-----------+-----------+-------+----------+
        |- VITIS_LOOP_21_1  |    90003|    90003|         5|          1|          1|  90000|       yes|
        +-------------------+---------+---------+----------+-----------+-----------+-------+----------+

============================================================
+ Verbose Summary: Synthesis Manager
============================================================
InlineROM: 1
ExposeGlobal: 0
============================================================
+ Verbose Summary: CDFG Model
============================================================
IsTopModel: 0
ResetActiveHigh: 1
IsCombinational: 0
IsDatapathOnly: 0
HasWiredReturn: 1
HasMFsm: 2
HasVarLatency: 1
IsPipeline: 0
IsRtlPipelined: 0
IsInstanceOverlapped: 0
IsDontTouch: 0
HasImplIP: 0
IsGatedGlobalClock: 0

+ Individual pipeline summary: 
  * Pipeline-0: initiation interval (II) = 1, depth = 5


============================================================
+ Verbose Summary: Schedule
============================================================
* Number of FSM states : 5
* Pipeline : 1
  Pipeline-0 : II = 1, D = 5, States = { 1 2 3 4 5 }
* Dataflow Pipeline: 0

* FSM state transitions: 
1 --> 2 
2 --> 3 
3 --> 4 
4 --> 5 
5 --> 

* FSM state operations: 

State 1 <SV = 0> <Delay = 4.14>
ST_1 : Operation 8 [1/1] (0.00ns)   --->   "%i_V = alloca i32 1"   --->   Operation 8 'alloca' 'i_V' <Predicate = true> <Delay = 0.00>
ST_1 : Operation 9 [1/1] (0.00ns)   --->   "%specaxissidechannel_ln0 = specaxissidechannel void @_ssdm_op_SpecAXISSideChannel, i8 %dst_V_data_V, i1 %dst_V_keep_V, i1 %dst_V_strb_V, i1 0, i1 %dst_V_last_V, i1 0, i1 0, void @empty_8"   --->   Operation 9 'specaxissidechannel' 'specaxissidechannel_ln0' <Predicate = true> <Delay = 0.00>
ST_1 : Operation 10 [1/1] (0.00ns)   --->   "%specaxissidechannel_ln0 = specaxissidechannel void @_ssdm_op_SpecAXISSideChannel, i32 %src_V_data_V, i4 %src_V_keep_V, i4 %src_V_strb_V, i1 0, i1 %src_V_last_V, i1 0, i1 0, void @empty_9"   --->   Operation 10 'specaxissidechannel' 'specaxissidechannel_ln0' <Predicate = true> <Delay = 0.00>
ST_1 : Operation 11 [1/1] (0.00ns)   --->   "%specinterface_ln0 = specinterface void @_ssdm_op_SpecInterface, i1 %dst_V_last_V, i1 %dst_V_strb_V, i1 %dst_V_keep_V, i8 %dst_V_data_V, void @empty, i32 0, i32 0, void @empty_0, i32 0, i32 0, void @empty_1, void @empty_1, void @empty_1, i32 0, i32 0, i32 0, i32 0, void @empty_1, void @empty_1, i32 4294967295, i32 0"   --->   Operation 11 'specinterface' 'specinterface_ln0' <Predicate = true> <Delay = 0.00>
ST_1 : Operation 12 [1/1] (0.00ns)   --->   "%specinterface_ln0 = specinterface void @_ssdm_op_SpecInterface, i1 %src_V_last_V, i4 %src_V_strb_V, i4 %src_V_keep_V, i32 %src_V_data_V, void @empty, i32 0, i32 0, void @empty_0, i32 0, i32 0, void @empty_1, void @empty_1, void @empty_1, i32 0, i32 0, i32 0, i32 0, void @empty_1, void @empty_1, i32 4294967295, i32 0"   --->   Operation 12 'specinterface' 'specinterface_ln0' <Predicate = true> <Delay = 0.00>
ST_1 : Operation 13 [1/1] (0.00ns)   --->   "%sub_i_i_read = read i33 @_ssdm_op_Read.ap_auto.i33, i33 %sub_i_i"   --->   Operation 13 'read' 'sub_i_i_read' <Predicate = true> <Delay = 0.00>
ST_1 : Operation 14 [1/1] (0.00ns)   --->   "%invert_read = read i1 @_ssdm_op_Read.ap_auto.i1, i1 %invert"   --->   Operation 14 'read' 'invert_read' <Predicate = true> <Delay = 0.00>
ST_1 : Operation 15 [1/1] (0.00ns)   --->   "%threshold_read = read i8 @_ssdm_op_Read.ap_auto.i8, i8 %threshold"   --->   Operation 15 'read' 'threshold_read' <Predicate = true> <Delay = 0.00>
ST_1 : Operation 16 [1/1] (0.00ns)   --->   "%size_read = read i32 @_ssdm_op_Read.ap_auto.i32, i32 %size"   --->   Operation 16 'read' 'size_read' <Predicate = true> <Delay = 0.00>
ST_1 : Operation 17 [1/1] (1.58ns)   --->   "%store_ln0 = store i32 0, i32 %i_V"   --->   Operation 17 'store' 'store_ln0' <Predicate = true> <Delay = 1.58>
ST_1 : Operation 18 [1/1] (0.00ns)   --->   "%br_ln0 = br void %for.body"   --->   Operation 18 'br' 'br_ln0' <Predicate = true> <Delay = 0.00>
ST_1 : Operation 19 [1/1] (0.00ns)   --->   "%i_V_1 = load i32 %i_V"   --->   Operation 19 'load' 'i_V_1' <Predicate = true> <Delay = 0.00>
ST_1 : Operation 20 [1/1] (2.47ns)   --->   "%icmp_ln1027 = icmp_eq  i32 %i_V_1, i32 %size_read"   --->   Operation 20 'icmp' 'icmp_ln1027' <Predicate = true> <Delay = 2.47> <CoreInst = "Cmp">   --->   Core 9 'Cmp' <Latency = 0> <II = 1> <Delay = 2.47> <FuncUnit> <Opcode : 'icmp'> <InPorts = 2> <OutPorts = 1>
ST_1 : Operation 21 [1/1] (2.55ns)   --->   "%i_V_2 = add i32 %i_V_1, i32 1"   --->   Operation 21 'add' 'i_V_2' <Predicate = true> <Delay = 2.55> <CoreInst = "Adder">   --->   Core 1 'Adder' <Latency = 0> <II = 1> <Delay = 2.55> <FuncUnit> <Opcode : 'add' 'sub'> <InPorts = 2> <OutPorts = 1>
ST_1 : Operation 22 [1/1] (0.00ns)   --->   "%br_ln21 = br i1 %icmp_ln1027, void %for.body.split, void %for.end.loopexit.exitStub" [qr_binarize.cpp:21]   --->   Operation 22 'br' 'br_ln21' <Predicate = true> <Delay = 0.00>
ST_1 : Operation 23 [1/1] (0.00ns)   --->   "%empty = read i41 @_ssdm_op_Read.axis.volatile.i32P0A.i4P0A.i4P0A.i1P0A, i32 %src_V_data_V, i4 %src_V_keep_V, i4 %src_V_strb_V, i1 %src_V_last_V"   --->   Operation 23 'read' 'empty' <Predicate = (!icmp_ln1027)> <Delay = 0.00> <CoreInst = "axis">   --->   Core 115 'axis' <Latency = 0> <II = 1> <Delay = 1.00> <Adapter> <Opcode : >
ST_1 : Operation 24 [1/1] (0.00ns)   --->   "%tmp_data_V_1 = extractvalue i41 %empty"   --->   Operation 24 'extractvalue' 'tmp_data_V_1' <Predicate = (!icmp_ln1027)> <Delay = 0.00>
ST_1 : Operation 25 [1/1] (0.00ns)   --->   "%r = trunc i32 %tmp_data_V_1"   --->   Operation 25 'trunc' 'r' <Predicate = (!icmp_ln1027)> <Delay = 0.00>
ST_1 : Operation 26 [1/1] (0.00ns)   --->   "%g = partselect i8 @_ssdm_op_PartSelect.i8.i32.i32.i32, i32 %tmp_data_V_1, i32 8, i32 15"   --->   Operation 26 'partselect' 'g' <Predicate = (!icmp_ln1027)> <Delay = 0.00>
ST_1 : Operation 27 [1/1] (0.00ns)   --->   "%b_V = partselect i8 @_ssdm_op_PartSelect.i8.i32.i32.i32, i32 %tmp_data_V_1, i32 16, i32 23"   --->   Operation 27 'partselect' 'b_V' <Predicate = (!icmp_ln1027)> <Delay = 0.00>
ST_1 : Operation 28 [1/1] (0.00ns)   --->   "%zext_ln1494 = zext i8 %r"   --->   Operation 28 'zext' 'zext_ln1494' <Predicate = (!icmp_ln1027)> <Delay = 0.00>
ST_1 : Operation 29 [3/3] (1.05ns) (grouped into DSP with root node ret_V)   --->   "%ret_V_6 = mul i15 %zext_ln1494, i15 77"   --->   Operation 29 'mul' 'ret_V_6' <Predicate = (!icmp_ln1027)> <Delay = 1.05> <CoreInst = "DSP48">   --->   Core 119 'DSP48' <Latency = 3> <II = 1> <Delay = 2.15> <IPBlock> <Opcode : 'mul' 'add' 'sub' 'select'> <InPorts = 0> <OutPorts = 1> <Sync> <CReg>
ST_1 : Operation 30 [1/1] (0.00ns)   --->   "%zext_ln1019 = zext i32 %i_V_1"   --->   Operation 30 'zext' 'zext_ln1019' <Predicate = (!icmp_ln1027)> <Delay = 0.00>
ST_1 : Operation 31 [1/1] (2.48ns)   --->   "%pout_last_V = icmp_eq  i33 %sub_i_i_read, i33 %zext_ln1019"   --->   Operation 31 'icmp' 'pout_last_V' <Predicate = (!icmp_ln1027)> <Delay = 2.48> <CoreInst = "Cmp">   --->   Core 9 'Cmp' <Latency = 0> <II = 1> <Delay = 2.48> <FuncUnit> <Opcode : 'icmp'> <InPorts = 2> <OutPorts = 1>
ST_1 : Operation 32 [1/1] (1.58ns)   --->   "%store_ln21 = store i32 %i_V_2, i32 %i_V" [qr_binarize.cpp:21]   --->   Operation 32 'store' 'store_ln21' <Predicate = (!icmp_ln1027)> <Delay = 1.58>

State 2 <SV = 1> <Delay = 1.05>
ST_2 : Operation 33 [2/3] (1.05ns) (grouped into DSP with root node ret_V)   --->   "%ret_V_6 = mul i15 %zext_ln1494, i15 77"   --->   Operation 33 'mul' 'ret_V_6' <Predicate = true> <Delay = 1.05> <CoreInst = "DSP48">   --->   Core 119 'DSP48' <Latency = 3> <II = 1> <Delay = 2.15> <IPBlock> <Opcode : 'mul' 'add' 'sub' 'select'> <InPorts = 0> <OutPorts = 1> <Sync> <CReg>
ST_2 : Operation 34 [1/1] (0.00ns)   --->   "%zext_ln1494_2 = zext i8 %b_V"   --->   Operation 34 'zext' 'zext_ln1494_2' <Predicate = true> <Delay = 0.00>
ST_2 : Operation 35 [3/3] (1.05ns) (grouped into DSP with root node ret_V_4)   --->   "%ret_V_3 = mul i13 %zext_ln1494_2, i13 29"   --->   Operation 35 'mul' 'ret_V_3' <Predicate = true> <Delay = 1.05> <CoreInst = "DSP48">   --->   Core 119 'DSP48' <Latency = 3> <II = 1> <Delay = 2.15> <IPBlock> <Opcode : 'mul' 'add' 'sub' 'select'> <InPorts = 0> <OutPorts = 1> <Sync> <CReg>

State 3 <SV = 2> <Delay = 6.45>
ST_3 : Operation 36 [1/3] (0.00ns) (grouped into DSP with root node ret_V)   --->   "%ret_V_6 = mul i15 %zext_ln1494, i15 77"   --->   Operation 36 'mul' 'ret_V_6' <Predicate = true> <Delay = 0.00> <CoreInst = "DSP48">   --->   Core 119 'DSP48' <Latency = 3> <II = 1> <Delay = 2.15> <IPBlock> <Opcode : 'mul' 'add' 'sub' 'select'> <InPorts = 0> <OutPorts = 1> <Sync> <CReg>
ST_3 : Operation 37 [1/1] (0.00ns)   --->   "%zext_ln1494_1 = zext i8 %g"   --->   Operation 37 'zext' 'zext_ln1494_1' <Predicate = true> <Delay = 0.00>
ST_3 : Operation 38 [1/1] (4.35ns)   --->   "%ret_V_7 = mul i16 %zext_ln1494_1, i16 150"   --->   Operation 38 'mul' 'ret_V_7' <Predicate = true> <Delay = 4.35> <CoreInst = "Multiplier">   --->   Core 3 'Multiplier' <Latency = 0> <II = 1> <Delay = 4.35> <FuncUnit> <Opcode : 'mul'> <InPorts = 2> <OutPorts = 1>
ST_3 : Operation 39 [1/1] (0.00ns) (grouped into DSP with root node ret_V)   --->   "%zext_ln1495 = zext i15 %ret_V_6"   --->   Operation 39 'zext' 'zext_ln1495' <Predicate = true> <Delay = 0.00>
ST_3 : Operation 40 [2/2] (2.10ns) (root node of the DSP)   --->   "%ret_V = add i16 %ret_V_7, i16 %zext_ln1495"   --->   Operation 40 'add' 'ret_V' <Predicate = true> <Delay = 2.10> <CoreInst = "DSP48">   --->   Core 119 'DSP48' <Latency = 3> <II = 1> <Delay = 2.15> <IPBlock> <Opcode : 'mul' 'add' 'sub' 'select'> <InPorts = 0> <OutPorts = 1> <Sync> <CReg>
ST_3 : Operation 41 [2/3] (1.05ns) (grouped into DSP with root node ret_V_4)   --->   "%ret_V_3 = mul i13 %zext_ln1494_2, i13 29"   --->   Operation 41 'mul' 'ret_V_3' <Predicate = true> <Delay = 1.05> <CoreInst = "DSP48">   --->   Core 119 'DSP48' <Latency = 3> <II = 1> <Delay = 2.15> <IPBlock> <Opcode : 'mul' 'add' 'sub' 'select'> <InPorts = 0> <OutPorts = 1> <Sync> <CReg>

State 4 <SV = 3> <Delay = 4.20>
ST_4 : Operation 42 [1/2] (2.10ns) (root node of the DSP)   --->   "%ret_V = add i16 %ret_V_7, i16 %zext_ln1495"   --->   Operation 42 'add' 'ret_V' <Predicate = true> <Delay = 2.10> <CoreInst = "DSP48">   --->   Core 119 'DSP48' <Latency = 3> <II = 1> <Delay = 2.15> <IPBlock> <Opcode : 'mul' 'add' 'sub' 'select'> <InPorts = 0> <OutPorts = 1> <Sync> <CReg>
ST_4 : Operation 43 [1/3] (0.00ns) (grouped into DSP with root node ret_V_4)   --->   "%ret_V_3 = mul i13 %zext_ln1494_2, i13 29"   --->   Operation 43 'mul' 'ret_V_3' <Predicate = true> <Delay = 0.00> <CoreInst = "DSP48">   --->   Core 119 'DSP48' <Latency = 3> <II = 1> <Delay = 2.15> <IPBlock> <Opcode : 'mul' 'add' 'sub' 'select'> <InPorts = 0> <OutPorts = 1> <Sync> <CReg>
ST_4 : Operation 44 [1/1] (0.00ns) (grouped into DSP with root node ret_V_4)   --->   "%zext_ln1495_1 = zext i13 %ret_V_3"   --->   Operation 44 'zext' 'zext_ln1495_1' <Predicate = true> <Delay = 0.00>
ST_4 : Operation 45 [2/2] (2.10ns) (root node of the DSP)   --->   "%ret_V_4 = add i16 %ret_V, i16 %zext_ln1495_1"   --->   Operation 45 'add' 'ret_V_4' <Predicate = true> <Delay = 2.10> <CoreInst = "DSP48">   --->   Core 119 'DSP48' <Latency = 3> <II = 1> <Delay = 2.15> <IPBlock> <Opcode : 'mul' 'add' 'sub' 'select'> <InPorts = 0> <OutPorts = 1> <Sync> <CReg>
ST_4 : Operation 57 [1/1] (0.00ns)   --->   "%ret_ln0 = ret"   --->   Operation 57 'ret' 'ret_ln0' <Predicate = (icmp_ln1027)> <Delay = 0.00>

State 5 <SV = 4> <Delay = 4.64>
ST_5 : Operation 46 [1/1] (0.00ns)   --->   "%specpipeline_ln22 = specpipeline void @_ssdm_op_SpecPipeline, i32 1, i32 0, i32 0, i32 0, void @empty_1" [qr_binarize.cpp:22]   --->   Operation 46 'specpipeline' 'specpipeline_ln22' <Predicate = true> <Delay = 0.00>
ST_5 : Operation 47 [1/1] (0.00ns)   --->   "%speclooptripcount_ln23 = speclooptripcount void @_ssdm_op_SpecLoopTripCount, i64 90000, i64 90000, i64 90000" [qr_binarize.cpp:23]   --->   Operation 47 'speclooptripcount' 'speclooptripcount_ln23' <Predicate = true> <Delay = 0.00>
ST_5 : Operation 48 [1/1] (0.00ns)   --->   "%specloopname_ln21 = specloopname void @_ssdm_op_SpecLoopName, void @empty_11" [qr_binarize.cpp:21]   --->   Operation 48 'specloopname' 'specloopname_ln21' <Predicate = true> <Delay = 0.00>
ST_5 : Operation 49 [1/2] (2.10ns) (root node of the DSP)   --->   "%ret_V_4 = add i16 %ret_V, i16 %zext_ln1495_1"   --->   Operation 49 'add' 'ret_V_4' <Predicate = true> <Delay = 2.10> <CoreInst = "DSP48">   --->   Core 119 'DSP48' <Latency = 3> <II = 1> <Delay = 2.15> <IPBlock> <Opcode : 'mul' 'add' 'sub' 'select'> <InPorts = 0> <OutPorts = 1> <Sync> <CReg>
ST_5 : Operation 50 [1/1] (0.00ns)   --->   "%trunc_ln = partselect i8 @_ssdm_op_PartSelect.i8.i16.i32.i32, i16 %ret_V_4, i32 8, i32 15"   --->   Operation 50 'partselect' 'trunc_ln' <Predicate = true> <Delay = 0.00>
ST_5 : Operation 51 [1/1] (1.55ns)   --->   "%icmp_ln1031 = icmp_ult  i8 %trunc_ln, i8 %threshold_read"   --->   Operation 51 'icmp' 'icmp_ln1031' <Predicate = true> <Delay = 1.55> <CoreInst = "Cmp">   --->   Core 9 'Cmp' <Latency = 0> <II = 1> <Delay = 1.55> <FuncUnit> <Opcode : 'icmp'> <InPorts = 2> <OutPorts = 1>
ST_5 : Operation 52 [1/1] (0.00ns) (grouped into LUT with out node select_ln35)   --->   "%white_V = xor i1 %icmp_ln1031, i1 1"   --->   Operation 52 'xor' 'white_V' <Predicate = true> <Delay = 0.00> <CoreInst = "LogicGate">   --->   Core 74 'LogicGate' <Latency = 0> <II = 1> <Delay = 0.97> <FuncUnit> <Opcode : 'and' 'or' 'xor'> <InPorts = 2> <OutPorts = 1>
ST_5 : Operation 53 [1/1] (0.00ns) (grouped into LUT with out node select_ln35)   --->   "%ret_V_8 = xor i1 %white_V, i1 %invert_read"   --->   Operation 53 'xor' 'ret_V_8' <Predicate = true> <Delay = 0.00> <CoreInst = "LogicGate">   --->   Core 74 'LogicGate' <Latency = 0> <II = 1> <Delay = 0.97> <FuncUnit> <Opcode : 'and' 'or' 'xor'> <InPorts = 2> <OutPorts = 1>
ST_5 : Operation 54 [1/1] (0.99ns) (out node of the LUT)   --->   "%select_ln35 = select i1 %ret_V_8, i8 255, i8 0" [qr_binarize.cpp:35]   --->   Operation 54 'select' 'select_ln35' <Predicate = true> <Delay = 0.99> <CoreInst = "Sel">   --->   Core 73 'Sel' <Latency = 0> <II = 1> <Delay = 0.99> <FuncUnit> <Opcode : 'select'> <InPorts = 3> <OutPorts = 1>
ST_5 : Operation 55 [1/1] (0.00ns)   --->   "%write_ln258 = write void @_ssdm_op_Write.axis.volatile.i8P0A.i1P0A.i1P0A.i1P0A, i8 %dst_V_data_V, i1 %dst_V_keep_V, i1 %dst_V_strb_V, i1 %dst_V_last_V, i8 %select_ln35, i1 1, i1 1, i1 %pout_last_V"   --->   Operation 55 'write' 'write_ln258' <Predicate = true> <Delay = 0.00> <CoreInst = "axis">   --->   Core 115 'axis' <Latency = 0> <II = 1> <Delay = 1.00> <Adapter> <Opcode : >
ST_5 : Operation 56 [1/1] (0.00ns)   --->   "%br_ln21 = br void %for.body" [qr_binarize.cpp:21]   --->   Operation 56 'br' 'br_ln21' <Predicate = true> <Delay = 0.00>


============================================================
+ Verbose Summary: Timing violations
============================================================
Target clock period: 10ns, clock uncertainty: 2.7ns.

 <State 1>: 4.14ns
The critical path consists of the following:
	'alloca' operation ('i.V') [13]  (0 ns)
	'load' operation ('i.V') on local variable 'i.V' [25]  (0 ns)
	'add' operation ('i.V') [27]  (2.55 ns)
	'store' operation ('store_ln21', qr_binarize.cpp:21) of variable 'i.V' on local variable 'i.V' [56]  (1.59 ns)

 <State 2>: 1.05ns
The critical path consists of the following:
	'mul' operation of DSP[43] ('ret.V') [39]  (1.05 ns)

 <State 3>: 6.45ns
The critical path consists of the following:
	'mul' operation ('ret.V') [41]  (4.35 ns)
	'add' operation of DSP[43] ('ret.V') [43]  (2.1 ns)

 <State 4>: 4.2ns
The critical path consists of the following:
	'add' operation of DSP[43] ('ret.V') [43]  (2.1 ns)
	'add' operation of DSP[47] ('ret.V') [47]  (2.1 ns)

 <State 5>: 4.64ns
The critical path consists of the following:
	'add' operation of DSP[47] ('ret.V') [47]  (2.1 ns)
	'icmp' operation ('icmp_ln1031') [49]  (1.55 ns)
	'xor' operation ('white.V') [50]  (0 ns)
	'xor' operation ('ret.V') [51]  (0 ns)
	'select' operation ('select_ln35', qr_binarize.cpp:35) [52]  (0.993 ns)


============================================================
+ Verbose Summary: Binding
============================================================
N/A
* FSMD analyzer results:
  - Output states:
 - Input state : 
  - Chain level:
	State 1
	State 2
	State 3
	State 4
	State 5


============================================================
+ Verbose Summary: Datapath Resource usage 
============================================================
N/A
