

================================================================
== Vitis HLS Report for 'qr_binarize_Pipeline_VITIS_LOOP_21_1'
================================================================
* Date:           Wed Jun 17 23:21:52 2026

* Version:        2022.2 (Build 3670227 on Oct 13 2022)
* Project:        qr_binarize_hls
* Solution:       solution1 (Vivado IP Flow Target)
* Product family: zynq
* Target device:  xc7z010-clg400-1


================================================================
== Performance Estimates
================================================================
+ Timing: 
    * Summary: 
    +--------+----------+----------+------------+
    |  Clock |  Target  | Estimated| Uncertainty|
    +--------+----------+----------+------------+
    |ap_clk  |  10.00 ns|  6.450 ns|     2.70 ns|
    +--------+----------+----------+------------+

+ Latency: 
    * Summary: 
    +---------+---------+----------+----------+-------+-------+---------+
    |  Latency (cycles) |  Latency (absolute) |    Interval   | Pipeline|
    |   min   |   max   |    min   |    max   |  min  |  max  |   Type  |
    +---------+---------+----------+----------+-------+-------+---------+
    |    90005|    90005|  0.900 ms|  0.900 ms|  90005|  90005|       no|
    +---------+---------+----------+----------+-------+-------+---------+

    + Detail: 
        * Instance: 
        N/A

        * Loop: 
        +-------------------+---------+---------+----------+-----------+-----------+-------+----------+
        |                   |  Latency (cycles) | Iteration|  Initiation Interval  |  Trip |          |
        |     Loop Name     |   min   |   max   |  Latency |  achieved |   target  | Count | Pipelined|
        +-------------------+---------+---------+----------+-----------+-----------+-------+----------+
        |- VITIS_LOOP_21_1  |    90003|    90003|         5|          1|          1|  90000|       yes|
        +-------------------+---------+---------+----------+-----------+-----------+-------+----------+



================================================================
== Utilization Estimates
================================================================
* Summary: 
+-----------------+---------+----+-------+-------+-----+
|       Name      | BRAM_18K| DSP|   FF  |  LUT  | URAM|
+-----------------+---------+----+-------+-------+-----+
|DSP              |        -|   2|      -|      -|    -|
|Expression       |        -|   -|      0|     98|    -|
|FIFO             |        -|   -|      -|      -|    -|
|Instance         |        -|   0|      0|     51|    -|
|Memory           |        -|   -|      -|      -|    -|
|Multiplexer      |        -|   -|      -|     54|    -|
|Register         |        -|   -|    130|     32|    -|
+-----------------+---------+----+-------+-------+-----+
|Total            |        0|   2|    130|    235|    0|
+-----------------+---------+----+-------+-------+-----+
|Available        |      120|  80|  35200|  17600|    0|
+-----------------+---------+----+-------+-------+-----+
|Utilization (%)  |        0|   2|     ~0|      1|    0|
+-----------------+---------+----+-------+-------+-----+

+ Detail: 
    * Instance: 
    +-----------------------+--------------------+---------+----+---+----+-----+
    |        Instance       |       Module       | BRAM_18K| DSP| FF| LUT| URAM|
    +-----------------------+--------------------+---------+----+---+----+-----+
    |mul_8ns_9ns_16_1_1_U1  |mul_8ns_9ns_16_1_1  |        0|   0|  0|  51|    0|
    +-----------------------+--------------------+---------+----+---+----+-----+
    |Total                  |                    |        0|   0|  0|  51|    0|
    +-----------------------+--------------------+---------+----+---+----+-----+

    * DSP: 
    +-----------------------------------+--------------------------------+--------------+
    |              Instance             |             Module             |  Expression  |
    +-----------------------------------+--------------------------------+--------------+
    |mac_muladd_8ns_5ns_16ns_16_4_1_U3  |mac_muladd_8ns_5ns_16ns_16_4_1  |  i0 + i1 * i2|
    |mac_muladd_8ns_7ns_16ns_16_4_1_U2  |mac_muladd_8ns_7ns_16ns_16_4_1  |  i0 + i1 * i2|
    +-----------------------------------+--------------------------------+--------------+

    * Memory: 
    N/A

    * FIFO: 
    N/A

    * Expression: 
    +----------------------------------+----------+----+---+----+------------+------------+
    |           Variable Name          | Operation| DSP| FF| LUT| Bitwidth P0| Bitwidth P1|
    +----------------------------------+----------+----+---+----+------------+------------+
    |i_V_2_fu_164_p2                   |         +|   0|  0|  39|          32|           1|
    |ap_block_state1_pp0_stage0_iter0  |       and|   0|  0|   2|           1|           1|
    |icmp_ln1027_fu_158_p2             |      icmp|   0|  0|  18|          32|          32|
    |icmp_ln1031_fu_238_p2             |      icmp|   0|  0|  11|           8|           8|
    |pout_last_V_fu_206_p2             |      icmp|   0|  0|  18|          33|          33|
    |ap_block_pp0_stage0_01001         |        or|   0|  0|   2|           1|           1|
    |dst_TDATA                         |    select|   0|  0|   2|           1|           2|
    |ap_enable_pp0                     |       xor|   0|  0|   2|           1|           2|
    |ret_V_8_fu_249_p2                 |       xor|   0|  0|   2|           1|           1|
    |white_V_fu_243_p2                 |       xor|   0|  0|   2|           1|           2|
    +----------------------------------+----------+----+---+----+------------+------------+
    |Total                             |          |   0|  0|  98|         111|          83|
    +----------------------------------+----------+----+---+----+------------+------------+

    * Multiplexer: 
    +-------------------------+----+-----------+-----+-----------+
    |           Name          | LUT| Input Size| Bits| Total Bits|
    +-------------------------+----+-----------+-----+-----------+
    |ap_done_int              |   9|          2|    1|          2|
    |ap_enable_reg_pp0_iter1  |   9|          2|    1|          2|
    |ap_sig_allocacmp_i_V_1   |   9|          2|   32|         64|
    |dst_TDATA_blk_n          |   9|          2|    1|          2|
    |i_V_fu_92                |   9|          2|   32|         64|
    |src_TDATA_blk_n          |   9|          2|    1|          2|
    +-------------------------+----+-----------+-----+-----------+
    |Total                    |  54|         12|   68|        136|
    +-------------------------+----+-----------+-----+-----------+

    * Register: 
    +----------------------------------+----+----+-----+-----------+
    |               Name               | FF | LUT| Bits| Const Bits|
    +----------------------------------+----+----+-----+-----------+
    |ap_CS_fsm                         |   1|   0|    1|          0|
    |ap_done_reg                       |   1|   0|    1|          0|
    |ap_enable_reg_pp0_iter1           |   1|   0|    1|          0|
    |ap_enable_reg_pp0_iter2           |   1|   0|    1|          0|
    |ap_enable_reg_pp0_iter3           |   1|   0|    1|          0|
    |ap_enable_reg_pp0_iter4           |   1|   0|    1|          0|
    |ap_loop_exit_ready_pp0_iter1_reg  |   1|   0|    1|          0|
    |ap_loop_exit_ready_pp0_iter2_reg  |   1|   0|    1|          0|
    |ap_loop_exit_ready_pp0_iter3_reg  |   1|   0|    1|          0|
    |b_V_reg_306                       |   8|   0|    8|          0|
    |g_reg_301                         |   8|   0|    8|          0|
    |g_reg_301_pp0_iter1_reg           |   8|   0|    8|          0|
    |i_V_fu_92                         |  32|   0|   32|          0|
    |pout_last_V_reg_316               |   1|   0|    1|          0|
    |pout_last_V_reg_316               |  64|  32|    1|          0|
    +----------------------------------+----+----+-----+-----------+
    |Total                             | 130|  32|   67|          0|
    +----------------------------------+----+----+-----+-----------+



================================================================
== Interface
================================================================
* Summary: 
+------------+-----+-----+------------+--------------------------------------+--------------+
|  RTL Ports | Dir | Bits|  Protocol  |             Source Object            |    C Type    |
+------------+-----+-----+------------+--------------------------------------+--------------+
|ap_clk      |   in|    1|  ap_ctrl_hs|  qr_binarize_Pipeline_VITIS_LOOP_21_1|  return value|
|ap_rst      |   in|    1|  ap_ctrl_hs|  qr_binarize_Pipeline_VITIS_LOOP_21_1|  return value|
|ap_start    |   in|    1|  ap_ctrl_hs|  qr_binarize_Pipeline_VITIS_LOOP_21_1|  return value|
|ap_done     |  out|    1|  ap_ctrl_hs|  qr_binarize_Pipeline_VITIS_LOOP_21_1|  return value|
|ap_idle     |  out|    1|  ap_ctrl_hs|  qr_binarize_Pipeline_VITIS_LOOP_21_1|  return value|
|ap_ready    |  out|    1|  ap_ctrl_hs|  qr_binarize_Pipeline_VITIS_LOOP_21_1|  return value|
|src_TVALID  |   in|    1|        axis|                          src_V_data_V|       pointer|
|src_TDATA   |   in|   32|        axis|                          src_V_data_V|       pointer|
|dst_TREADY  |   in|    1|        axis|                          dst_V_data_V|       pointer|
|dst_TDATA   |  out|    8|        axis|                          dst_V_data_V|       pointer|
|size        |   in|   32|     ap_none|                                  size|        scalar|
|src_TREADY  |  out|    1|        axis|                          src_V_last_V|       pointer|
|src_TLAST   |   in|    1|        axis|                          src_V_last_V|       pointer|
|src_TKEEP   |   in|    4|        axis|                          src_V_keep_V|       pointer|
|src_TSTRB   |   in|    4|        axis|                          src_V_strb_V|       pointer|
|threshold   |   in|    8|     ap_none|                             threshold|        scalar|
|invert      |   in|    1|     ap_none|                                invert|        scalar|
|sub_i_i     |   in|   33|     ap_none|                               sub_i_i|        scalar|
|dst_TVALID  |  out|    1|        axis|                          dst_V_last_V|       pointer|
|dst_TLAST   |  out|    1|        axis|                          dst_V_last_V|       pointer|
|dst_TKEEP   |  out|    1|        axis|                          dst_V_keep_V|       pointer|
|dst_TSTRB   |  out|    1|        axis|                          dst_V_strb_V|       pointer|
+------------+-----+-----+------------+--------------------------------------+--------------+

============================================================
+ Verbose Summary: Synthesis Manager
============================================================
InlineROM: 1
ExposeGlobal: 0
============================================================
+ Verbose Summary: CDFG Model
============================================================
IsTopModel: 0
ResetActiveHigh: 1
IsCombinational: 2
IsDatapathOnly: 2
HasWiredReturn: 1
HasMFsm: 2
HasVarLatency: 1
IsPipeline: 0
IsRtlPipelined: 0
IsInstanceOverlapped: 0
IsDontTouch: 0
HasImplIP: 0
IsGatedGlobalClock: 0

+ Individual pipeline summary: 
  * Pipeline-0: initiation interval (II) = 1, depth = 5


============================================================
+ Verbose Summary: Schedule
============================================================
* Number of FSM states : 5
* Pipeline : 1
  Pipeline-0 : II = 1, D = 5, States = { 1 2 3 4 5 }
* Dataflow Pipeline: 0

* FSM state transitions: 
1 --> 2 
2 --> 3 
3 --> 4 
4 --> 5 
5 --> 

* FSM state operations: 

State 1 <SV = 0> <Delay = 4.14>
ST_1 : Operation 8 [1/1] (0.00ns)   --->   "%i_V = alloca i32 1"   --->   Operation 8 'alloca' 'i_V' <Predicate = true> <Delay = 0.00>
ST_1 : Operation 9 [1/1] (0.00ns)   --->   "%specaxissidechannel_ln0 = specaxissidechannel void @_ssdm_op_SpecAXISSideChannel, i8 %dst_V_data_V, i1 %dst_V_keep_V, i1 %dst_V_strb_V, i1 0, i1 %dst_V_last_V, i1 0, i1 0, void @empty_8"   --->   Operation 9 'specaxissidechannel' 'specaxissidechannel_ln0' <Predicate = true> <Delay = 0.00>
ST_1 : Operation 10 [1/1] (0.00ns)   --->   "%specaxissidechannel_ln0 = specaxissidechannel void @_ssdm_op_SpecAXISSideChannel, i32 %src_V_data_V, i4 %src_V_keep_V, i4 %src_V_strb_V, i1 0, i1 %src_V_last_V, i1 0, i1 0, void @empty_9"   --->   Operation 10 'specaxissidechannel' 'specaxissidechannel_ln0' <Predicate = true> <Delay = 0.00>
ST_1 : Operation 11 [1/1] (0.00ns)   --->   "%specinterface_ln0 = specinterface void @_ssdm_op_SpecInterface, i1 %dst_V_last_V, i1 %dst_V_strb_V, i1 %dst_V_keep_V, i8 %dst_V_data_V, void @empty, i32 0, i32 0, void @empty_0, i32 0, i32 0, void @empty_1, void @empty_1, void @empty_1, i32 0, i32 0, i32 0, i32 0, void @empty_1, void @empty_1, i32 4294967295, i32 0"   --->   Operation 11 'specinterface' 'specinterface_ln0' <Predicate = true> <Delay = 0.00>
ST_1 : Operation 12 [1/1] (0.00ns)   --->   "%specinterface_ln0 = specinterface void @_ssdm_op_SpecInterface, i1 %src_V_last_V, i4 %src_V_strb_V, i4 %src_V_keep_V, i32 %src_V_data_V, void @empty, i32 0, i32 0, void @empty_0, i32 0, i32 0, void @empty_1, void @empty_1, void @empty_1, i32 0, i32 0, i32 0, i32 0, void @empty_1, void @empty_1, i32 4294967295, i32 0"   --->   Operation 12 'specinterface' 'specinterface_ln0' <Predicate = true> <Delay = 0.00>
ST_1 : Operation 13 [1/1] (0.00ns)   --->   "%sub_i_i_read = read i33 @_ssdm_op_Read.ap_auto.i33, i33 %sub_i_i"   --->   Operation 13 'read' 'sub_i_i_read' <Predicate = true> <Delay = 0.00>
ST_1 : Operation 14 [1/1] (0.00ns)   --->   "%invert_read = read i1 @_ssdm_op_Read.ap_auto.i1, i1 %invert"   --->   Operation 14 'read' 'invert_read' <Predicate = true> <Delay = 0.00>
ST_1 : Operation 15 [1/1] (0.00ns)   --->   "%threshold_read = read i8 @_ssdm_op_Read.ap_auto.i8, i8 %threshold"   --->   Operation 15 'read' 'threshold_read' <Predicate = true> <Delay = 0.00>
ST_1 : Operation 16 [1/1] (0.00ns)   --->   "%size_read = read i32 @_ssdm_op_Read.ap_auto.i32, i32 %size"   --->   Operation 16 'read' 'size_read' <Predicate = true> <Delay = 0.00>
ST_1 : Operation 17 [1/1] (1.58ns)   --->   "%store_ln0 = store i32 0, i32 %i_V"   --->   Operation 17 'store' 'store_ln0' <Predicate = true> <Delay = 1.58>
ST_1 : Operation 18 [1/1] (0.00ns)   --->   "%br_ln0 = br void %for.body"   --->   Operation 18 'br' 'br_ln0' <Predicate = true> <Delay = 0.00>
ST_1 : Operation 19 [1/1] (0.00ns)   --->   "%i_V_1 = load i32 %i_V"   --->   Operation 19 'load' 'i_V_1' <Predicate = true> <Delay = 0.00>
ST_1 : Operation 20 [1/1] (2.47ns)   --->   "%icmp_ln1027 = icmp_eq  i32 %i_V_1, i32 %size_read"   --->   Operation 20 'icmp' 'icmp_ln1027' <Predicate = true> <Delay = 2.47> <CoreInst = "Cmp">   --->   Core 9 'Cmp' <Latency = 0> <II = 1> <Delay = 2.47> <FuncUnit> <Opcode : 'icmp'> <InPorts = 2> <OutPorts = 1>
ST_1 : Operation 21 [1/1] (2.55ns)   --->   "%i_V_2 = add i32 %i_V_1, i32 1"   --->   Operation 21 'add' 'i_V_2' <Predicate = true> <Delay = 2.55> <CoreInst = "Adder">   --->   Core 1 'Adder' <Latency = 0> <II = 1> <Delay = 2.55> <FuncUnit> <Opcode : 'add' 'sub'> <InPorts = 2> <OutPorts = 1>
ST_1 : Operation 22 [1/1] (0.00ns)   --->   "%br_ln21 = br i1 %icmp_ln1027, void %for.body.split, void %for.end.loopexit.exitStub" [qr_binarize.cpp:21]   --->   Operation 22 'br' 'br_ln21' <Predicate = true> <Delay = 0.00>
ST_1 : Operation 23 [1/1] (0.00ns)   --->   "%empty = read i41 @_ssdm_op_Read.axis.volatile.i32P0A.i4P0A.i4P0A.i1P0A, i32 %src_V_data_V, i4 %src_V_keep_V, i4 %src_V_strb_V, i1 %src_V_last_V"   --->   Operation 23 'read' 'empty' <Predicate = (!icmp_ln1027)> <Delay = 0.00> <CoreInst = "axis">   --->   Core 115 'axis' <Latency = 0> <II = 1> <Delay = 1.00> <Adapter> <Opcode : >
ST_1 : Operation 24 [1/1] (0.00ns)   --->   "%tmp_data_V_1 = extractvalue i41 %empty"   --->   Operation 24 'extractvalue' 'tmp_data_V_1' <Predicate = (!icmp_ln1027)> <Delay = 0.00>
ST_1 : Operation 25 [1/1] (0.00ns)   --->   "%r = trunc i32 %tmp_data_V_1"   --->   Operation 25 'trunc' 'r' <Predicate = (!icmp_ln1027)> <Delay = 0.00>
ST_1 : Operation 26 [1/1] (0.00ns)   --->   "%g = partselect i8 @_ssdm_op_PartSelect.i8.i32.i32.i32, i32 %tmp_data_V_1, i32 8, i32 15"   --->   Operation 26 'partselect' 'g' <Predicate = (!icmp_ln1027)> <Delay = 0.00>
ST_1 : Operation 27 [1/1] (0.00ns)   --->   "%b_V = partselect i8 @_ssdm_op_PartSelect.i8.i32.i32.i32, i32 %tmp_data_V_1, i32 16, i32 23"   --->   Operation 27 'partselect' 'b_V' <Predicate = (!icmp_ln1027)> <Delay = 0.00>
ST_1 : Operation 28 [1/1] (0.00ns)   --->   "%zext_ln1494 = zext i8 %r"   --->   Operation 28 'zext' 'zext_ln1494' <Predicate = (!icmp_ln1027)> <Delay = 0.00>
ST_1 : Operation 29 [3/3] (1.05ns) (grouped into DSP with root node ret_V)   --->   "%ret_V_6 = mul i15 %zext_ln1494, i15 77"   --->   Operation 29 'mul' 'ret_V_6' <Predicate = (!icmp_ln1027)> <Delay = 1.05> <CoreInst = "DSP48">   --->   Core 119 'DSP48' <Latency = 3> <II = 1> <Delay = 2.15> <IPBlock> <Opcode : 'mul' 'add' 'sub' 'select'> <InPorts = 0> <OutPorts = 1> <Sync> <CReg>
ST_1 : Operation 30 [1/1] (0.00ns)   --->   "%zext_ln1019 = zext i32 %i_V_1"   --->   Operation 30 'zext' 'zext_ln1019' <Predicate = (!icmp_ln1027)> <Delay = 0.00>
ST_1 : Operation 31 [1/1] (2.48ns)   --->   "%pout_last_V = icmp_eq  i33 %sub_i_i_read, i33 %zext_ln1019"   --->   Operation 31 'icmp' 'pout_last_V' <Predicate = (!icmp_ln1027)> <Delay = 2.48> <CoreInst = "Cmp">   --->   Core 9 'Cmp' <Latency = 0> <II = 1> <Delay = 2.48> <FuncUnit> <Opcode : 'icmp'> <InPorts = 2> <OutPorts = 1>
ST_1 : Operation 32 [1/1] (1.58ns)   --->   "%store_ln21 = store i32 %i_V_2, i32 %i_V" [qr_binarize.cpp:21]   --->   Operation 32 'store' 'store_ln21' <Predicate = (!icmp_ln1027)> <Delay = 1.58>

State 2 <SV = 1> <Delay = 1.05>
ST_2 : Operation 33 [2/3] (1.05ns) (grouped into DSP with root node ret_V)   --->   "%ret_V_6 = mul i15 %zext_ln1494, i15 77"   --->   Operation 33 'mul' 'ret_V_6' <Predicate = true> <Delay = 1.05> <CoreInst = "DSP48">   --->   Core 119 'DSP48' <Latency = 3> <II = 1> <Delay = 2.15> <IPBlock> <Opcode : 'mul' 'add' 'sub' 'select'> <InPorts = 0> <OutPorts = 1> <Sync> <CReg>
ST_2 : Operation 34 [1/1] (0.00ns)   --->   "%zext_ln1494_2 = zext i8 %b_V"   --->   Operation 34 'zext' 'zext_ln1494_2' <Predicate = true> <Delay = 0.00>
ST_2 : Operation 35 [3/3] (1.05ns) (grouped into DSP with root node ret_V_4)   --->   "%ret_V_3 = mul i13 %zext_ln1494_2, i13 29"   --->   Operation 35 'mul' 'ret_V_3' <Predicate = true> <Delay = 1.05> <CoreInst = "DSP48">   --->   Core 119 'DSP48' <Latency = 3> <II = 1> <Delay = 2.15> <IPBlock> <Opcode : 'mul' 'add' 'sub' 'select'> <InPorts = 0> <OutPorts = 1> <Sync> <CReg>

State 3 <SV = 2> <Delay = 6.45>
ST_3 : Operation 36 [1/3] (0.00ns) (grouped into DSP with root node ret_V)   --->   "%ret_V_6 = mul i15 %zext_ln1494, i15 77"   --->   Operation 36 'mul' 'ret_V_6' <Predicate = true> <Delay = 0.00> <CoreInst = "DSP48">   --->   Core 119 'DSP48' <Latency = 3> <II = 1> <Delay = 2.15> <IPBlock> <Opcode : 'mul' 'add' 'sub' 'select'> <InPorts = 0> <OutPorts = 1> <Sync> <CReg>
ST_3 : Operation 37 [1/1] (0.00ns)   --->   "%zext_ln1494_1 = zext i8 %g"   --->   Operation 37 'zext' 'zext_ln1494_1' <Predicate = true> <Delay = 0.00>
ST_3 : Operation 38 [1/1] (4.35ns)   --->   "%ret_V_7 = mul i16 %zext_ln1494_1, i16 150"   --->   Operation 38 'mul' 'ret_V_7' <Predicate = true> <Delay = 4.35> <CoreInst = "Multiplier">   --->   Core 3 'Multiplier' <Latency = 0> <II = 1> <Delay = 4.35> <FuncUnit> <Opcode : 'mul'> <InPorts = 2> <OutPorts = 1>
ST_3 : Operation 39 [1/1] (0.00ns) (grouped into DSP with root node ret_V)   --->   "%zext_ln1495 = zext i15 %ret_V_6"   --->   Operation 39 'zext' 'zext_ln1495' <Predicate = true> <Delay = 0.00>
ST_3 : Operation 40 [2/2] (2.10ns) (root node of the DSP)   --->   "%ret_V = add i16 %ret_V_7, i16 %zext_ln1495"   --->   Operation 40 'add' 'ret_V' <Predicate = true> <Delay = 2.10> <CoreInst = "DSP48">   --->   Core 119 'DSP48' <Latency = 3> <II = 1> <Delay = 2.15> <IPBlock> <Opcode : 'mul' 'add' 'sub' 'select'> <InPorts = 0> <OutPorts = 1> <Sync> <CReg>
ST_3 : Operation 41 [2/3] (1.05ns) (grouped into DSP with root node ret_V_4)   --->   "%ret_V_3 = mul i13 %zext_ln1494_2, i13 29"   --->   Operation 41 'mul' 'ret_V_3' <Predicate = true> <Delay = 1.05> <CoreInst = "DSP48">   --->   Core 119 'DSP48' <Latency = 3> <II = 1> <Delay = 2.15> <IPBlock> <Opcode : 'mul' 'add' 'sub' 'select'> <InPorts = 0> <OutPorts = 1> <Sync> <CReg>

State 4 <SV = 3> <Delay = 4.20>
ST_4 : Operation 42 [1/2] (2.10ns) (root node of the DSP)   --->   "%ret_V = add i16 %ret_V_7, i16 %zext_ln1495"   --->   Operation 42 'add' 'ret_V' <Predicate = true> <Delay = 2.10> <CoreInst = "DSP48">   --->   Core 119 'DSP48' <Latency = 3> <II = 1> <Delay = 2.15> <IPBlock> <Opcode : 'mul' 'add' 'sub' 'select'> <InPorts = 0> <OutPorts = 1> <Sync> <CReg>
ST_4 : Operation 43 [1/3] (0.00ns) (grouped into DSP with root node ret_V_4)   --->   "%ret_V_3 = mul i13 %zext_ln1494_2, i13 29"   --->   Operation 43 'mul' 'ret_V_3' <Predicate = true> <Delay = 0.00> <CoreInst = "DSP48">   --->   Core 119 'DSP48' <Latency = 3> <II = 1> <Delay = 2.15> <IPBlock> <Opcode : 'mul' 'add' 'sub' 'select'> <InPorts = 0> <OutPorts = 1> <Sync> <CReg>
ST_4 : Operation 44 [1/1] (0.00ns) (grouped into DSP with root node ret_V_4)   --->   "%zext_ln1495_1 = zext i13 %ret_V_3"   --->   Operation 44 'zext' 'zext_ln1495_1' <Predicate = true> <Delay = 0.00>
ST_4 : Operation 45 [2/2] (2.10ns) (root node of the DSP)   --->   "%ret_V_4 = add i16 %ret_V, i16 %zext_ln1495_1"   --->   Operation 45 'add' 'ret_V_4' <Predicate = true> <Delay = 2.10> <CoreInst = "DSP48">   --->   Core 119 'DSP48' <Latency = 3> <II = 1> <Delay = 2.15> <IPBlock> <Opcode : 'mul' 'add' 'sub' 'select'> <InPorts = 0> <OutPorts = 1> <Sync> <CReg>
ST_4 : Operation 57 [1/1] (0.00ns)   --->   "%ret_ln0 = ret"   --->   Operation 57 'ret' 'ret_ln0' <Predicate = (icmp_ln1027)> <Delay = 0.00>

State 5 <SV = 4> <Delay = 4.64>
ST_5 : Operation 46 [1/1] (0.00ns)   --->   "%specpipeline_ln22 = specpipeline void @_ssdm_op_SpecPipeline, i32 1, i32 0, i32 0, i32 0, void @empty_1" [qr_binarize.cpp:22]   --->   Operation 46 'specpipeline' 'specpipeline_ln22' <Predicate = true> <Delay = 0.00>
ST_5 : Operation 47 [1/1] (0.00ns)   --->   "%speclooptripcount_ln23 = speclooptripcount void @_ssdm_op_SpecLoopTripCount, i64 90000, i64 90000, i64 90000" [qr_binarize.cpp:23]   --->   Operation 47 'speclooptripcount' 'speclooptripcount_ln23' <Predicate = true> <Delay = 0.00>
ST_5 : Operation 48 [1/1] (0.00ns)   --->   "%specloopname_ln21 = specloopname void @_ssdm_op_SpecLoopName, void @empty_11" [qr_binarize.cpp:21]   --->   Operation 48 'specloopname' 'specloopname_ln21' <Predicate = true> <Delay = 0.00>
ST_5 : Operation 49 [1/2] (2.10ns) (root node of the DSP)   --->   "%ret_V_4 = add i16 %ret_V, i16 %zext_ln1495_1"   --->   Operation 49 'add' 'ret_V_4' <Predicate = true> <Delay = 2.10> <CoreInst = "DSP48">   --->   Core 119 'DSP48' <Latency = 3> <II = 1> <Delay = 2.15> <IPBlock> <Opcode : 'mul' 'add' 'sub' 'select'> <InPorts = 0> <OutPorts = 1> <Sync> <CReg>
ST_5 : Operation 50 [1/1] (0.00ns)   --->   "%trunc_ln = partselect i8 @_ssdm_op_PartSelect.i8.i16.i32.i32, i16 %ret_V_4, i32 8, i32 15"   --->   Operation 50 'partselect' 'trunc_ln' <Predicate = true> <Delay = 0.00>
ST_5 : Operation 51 [1/1] (1.55ns)   --->   "%icmp_ln1031 = icmp_ult  i8 %trunc_ln, i8 %threshold_read"   --->   Operation 51 'icmp' 'icmp_ln1031' <Predicate = true> <Delay = 1.55> <CoreInst = "Cmp">   --->   Core 9 'Cmp' <Latency = 0> <II = 1> <Delay = 1.55> <FuncUnit> <Opcode : 'icmp'> <InPorts = 2> <OutPorts = 1>
ST_5 : Operation 52 [1/1] (0.00ns) (grouped into LUT with out node select_ln35)   --->   "%white_V = xor i1 %icmp_ln1031, i1 1"   --->   Operation 52 'xor' 'white_V' <Predicate = true> <Delay = 0.00> <CoreInst = "LogicGate">   --->   Core 74 'LogicGate' <Latency = 0> <II = 1> <Delay = 0.97> <FuncUnit> <Opcode : 'and' 'or' 'xor'> <InPorts = 2> <OutPorts = 1>
ST_5 : Operation 53 [1/1] (0.00ns) (grouped into LUT with out node select_ln35)   --->   "%ret_V_8 = xor i1 %white_V, i1 %invert_read"   --->   Operation 53 'xor' 'ret_V_8' <Predicate = true> <Delay = 0.00> <CoreInst = "LogicGate">   --->   Core 74 'LogicGate' <Latency = 0> <II = 1> <Delay = 0.97> <FuncUnit> <Opcode : 'and' 'or' 'xor'> <InPorts = 2> <OutPorts = 1>
ST_5 : Operation 54 [1/1] (0.99ns) (out node of the LUT)   --->   "%select_ln35 = select i1 %ret_V_8, i8 255, i8 0" [qr_binarize.cpp:35]   --->   Operation 54 'select' 'select_ln35' <Predicate = true> <Delay = 0.99> <CoreInst = "Sel">   --->   Core 73 'Sel' <Latency = 0> <II = 1> <Delay = 0.99> <FuncUnit> <Opcode : 'select'> <InPorts = 3> <OutPorts = 1>
ST_5 : Operation 55 [1/1] (0.00ns)   --->   "%write_ln258 = write void @_ssdm_op_Write.axis.volatile.i8P0A.i1P0A.i1P0A.i1P0A, i8 %dst_V_data_V, i1 %dst_V_keep_V, i1 %dst_V_strb_V, i1 %dst_V_last_V, i8 %select_ln35, i1 1, i1 1, i1 %pout_last_V"   --->   Operation 55 'write' 'write_ln258' <Predicate = true> <Delay = 0.00> <CoreInst = "axis">   --->   Core 115 'axis' <Latency = 0> <II = 1> <Delay = 1.00> <Adapter> <Opcode : >
ST_5 : Operation 56 [1/1] (0.00ns)   --->   "%br_ln21 = br void %for.body" [qr_binarize.cpp:21]   --->   Operation 56 'br' 'br_ln21' <Predicate = true> <Delay = 0.00>


============================================================
+ Verbose Summary: Binding
============================================================
STG Binding: 
---------------- STG Properties BEGIN ----------------
- Is combinational: 0
- Is one-state seq: 0
- Is datapath-only: 0
- Is pipelined: 0
- Is top level: 0
Port [ Return ] is wired: 1; IO mode=ap_ctrl_hs:ce=0
Port [ size]:  wired=1; compound=0; hidden=0; nouse=0; global=0; static=0; extern=0; dir=0; type=0; pingpong=0; private_global=0; IO mode=ap_none:ce=0
Port [ src_V_data_V]:  wired=1; compound=1; hidden=0; nouse=0; global=0; static=0; extern=0; dir=0; type=0; pingpong=0; private_global=0; IO mode=axis:ce=0
Port [ src_V_keep_V]:  wired=1; compound=1; hidden=0; nouse=0; global=0; static=0; extern=0; dir=0; type=0; pingpong=0; private_global=0; IO mode=axis:ce=0
Port [ src_V_strb_V]:  wired=1; compound=1; hidden=0; nouse=0; global=0; static=0; extern=0; dir=0; type=0; pingpong=0; private_global=0; IO mode=axis:ce=0
Port [ src_V_last_V]:  wired=1; compound=1; hidden=0; nouse=0; global=0; static=0; extern=0; dir=0; type=0; pingpong=0; private_global=0; IO mode=axis:ce=0
Port [ threshold]:  wired=1; compound=0; hidden=0; nouse=0; global=0; static=0; extern=0; dir=0; type=0; pingpong=0; private_global=0; IO mode=ap_none:ce=0
Port [ invert]:  wired=1; compound=0; hidden=0; nouse=0; global=0; static=0; extern=0; dir=0; type=0; pingpong=0; private_global=0; IO mode=ap_none:ce=0
Port [ sub_i_i]:  wired=1; compound=0; hidden=0; nouse=0; global=0; static=0; extern=0; dir=0; type=0; pingpong=0; private_global=0; IO mode=ap_none:ce=0
Port [ dst_V_data_V]:  wired=1; compound=1; hidden=0; nouse=0; global=0; static=0; extern=0; dir=1; type=0; pingpong=0; private_global=0; IO mode=axis:ce=0
Port [ dst_V_keep_V]:  wired=1; compound=1; hidden=0; nouse=0; global=0; static=0; extern=0; dir=1; type=0; pingpong=0; private_global=0; IO mode=axis:ce=0
Port [ dst_V_strb_V]:  wired=1; compound=1; hidden=0; nouse=0; global=0; static=0; extern=0; dir=1; type=0; pingpong=0; private_global=0; IO mode=axis:ce=0
Port [ dst_V_last_V]:  wired=1; compound=1; hidden=0; nouse=0; global=0; static=0; extern=0; dir=1; type=0; pingpong=0; private_global=0; IO mode=axis:ce=0
---------------- STG Properties END ------------------

---------------- Datapath Model BEGIN ----------------

<LifeTime>
<method=bitvector/>
i_V                     (alloca             ) [ 010000]
specaxissidechannel_ln0 (specaxissidechannel) [ 000000]
specaxissidechannel_ln0 (specaxissidechannel) [ 000000]
specinterface_ln0       (specinterface      ) [ 000000]
specinterface_ln0       (specinterface      ) [ 000000]
sub_i_i_read            (read               ) [ 000000]
invert_read             (read               ) [ 011111]
threshold_read          (read               ) [ 011111]
size_read               (read               ) [ 000000]
store_ln0               (store              ) [ 000000]
br_ln0                  (br                 ) [ 000000]
i_V_1                   (load               ) [ 000000]
icmp_ln1027             (icmp               ) [ 011110]
i_V_2                   (add                ) [ 000000]
br_ln21                 (br                 ) [ 000000]
empty                   (read               ) [ 000000]
tmp_data_V_1            (extractvalue       ) [ 000000]
r                       (trunc              ) [ 000000]
g                       (partselect         ) [ 011100]
b_V                     (partselect         ) [ 011000]
zext_ln1494             (zext               ) [ 011100]
zext_ln1019             (zext               ) [ 000000]
pout_last_V             (icmp               ) [ 011111]
store_ln21              (store              ) [ 000000]
zext_ln1494_2           (zext               ) [ 010110]
ret_V_6                 (mul                ) [ 000000]
zext_ln1494_1           (zext               ) [ 000000]
ret_V_7                 (mul                ) [ 010010]
zext_ln1495             (zext               ) [ 010010]
ret_V                   (add                ) [ 010001]
ret_V_3                 (mul                ) [ 000000]
zext_ln1495_1           (zext               ) [ 010001]
specpipeline_ln22       (specpipeline       ) [ 000000]
speclooptripcount_ln23  (speclooptripcount  ) [ 000000]
specloopname_ln21       (specloopname       ) [ 000000]
ret_V_4                 (add                ) [ 000000]
trunc_ln                (partselect         ) [ 000000]
icmp_ln1031             (icmp               ) [ 000000]
white_V                 (xor                ) [ 000000]
ret_V_8                 (xor                ) [ 000000]
select_ln35             (select             ) [ 000000]
write_ln258             (write              ) [ 000000]
br_ln21                 (br                 ) [ 000000]
ret_ln0                 (ret                ) [ 000000]
</LifeTime>

<model>

<comp_list>
<comp id="0" class="1000" name="size">
<pin_list>
<pin id="1" dir="1" index="0" bw="1" slack="0"/>
</pin_list>
<bind>
<StgValue><ssdm name="size"/></StgValue>
</bind>
</comp>

<comp id="2" class="1000" name="src_V_data_V">
<pin_list>
<pin id="3" dir="1" index="0" bw="1" slack="0"/>
</pin_list>
<bind>
<StgValue><ssdm name="src_V_data_V"/></StgValue>
</bind>
</comp>

<comp id="4" class="1000" name="src_V_keep_V">
<pin_list>
<pin id="5" dir="1" index="0" bw="1" slack="0"/>
</pin_list>
<bind>
<StgValue><ssdm name="src_V_keep_V"/></StgValue>
</bind>
</comp>

<comp id="6" class="1000" name="src_V_strb_V">
<pin_list>
<pin id="7" dir="1" index="0" bw="1" slack="0"/>
</pin_list>
<bind>
<StgValue><ssdm name="src_V_strb_V"/></StgValue>
</bind>
</comp>

<comp id="8" class="1000" name="src_V_last_V">
<pin_list>
<pin id="9" dir="1" index="0" bw="1" slack="0"/>
</pin_list>
<bind>
<StgValue><ssdm name="src_V_last_V"/></StgValue>
</bind>
</comp>

<comp id="10" class="1000" name="threshold">
<pin_list>
<pin id="11" dir="1" index="0" bw="1" slack="0"/>
</pin_list>
<bind>
<StgValue><ssdm name="threshold"/></StgValue>
</bind>
</comp>

<comp id="12" class="1000" name="invert">
<pin_list>
<pin id="13" dir="1" index="0" bw="1" slack="0"/>
</pin_list>
<bind>
<StgValue><ssdm name="invert"/></StgValue>
</bind>
</comp>

<comp id="14" class="1000" name="sub_i_i">
<pin_list>
<pin id="15" dir="1" index="0" bw="1" slack="0"/>
</pin_list>
<bind>
<StgValue><ssdm name="sub_i_i"/></StgValue>
</bind>
</comp>

<comp id="16" class="1000" name="dst_V_data_V">
<pin_list>
<pin id="17" dir="1" index="0" bw="1" slack="0"/>
</pin_list>
<bind>
<StgValue><ssdm name="dst_V_data_V"/></StgValue>
</bind>
</comp>

<comp id="18" class="1000" name="dst_V_keep_V">
<pin_list>
<pin id="19" dir="1" index="0" bw="1" slack="0"/>
</pin_list>
<bind>
<StgValue><ssdm name="dst_V_keep_V"/></StgValue>
</bind>
</comp>

<comp id="20" class="1000" name="dst_V_strb_V">
<pin_list>
<pin id="21" dir="1" index="0" bw="1" slack="0"/>
</pin_list>
<bind>
<StgValue><ssdm name="dst_V_strb_V"/></StgValue>
</bind>
</comp>

<comp id="22" class="1000" name="dst_V_last_V">
<pin_list>
<pin id="23" dir="1" index="0" bw="1" slack="0"/>
</pin_list>
<bind>
<StgValue><ssdm name="dst_V_last_V"/></StgValue>
</bind>
</comp>

<comp id="24" class="1001" name="const_24">
<pin_list>
<pin id="25" dir="1" index="0" bw="1" slack="0"/>
</pin_list>
<bind>
<StgValue><ssdm name=""/></StgValue>
</bind>
</comp>

<comp id="26" class="1001" name="const_26">
<pin_list>
<pin id="27" dir="1" index="0" bw="1" slack="2147483647"/>
</pin_list>
<bind>
<StgValue><ssdm name="_ssdm_op_SpecAXISSideChannel"/></StgValue>
</bind>
</comp>

<comp id="28" class="1001" name="const_28">
<pin_list>
<pin id="29" dir="1" index="0" bw="1" slack="2147483647"/>
</pin_list>
<bind>
<StgValue><ssdm name=""/></StgValue>
</bind>
</comp>

<comp id="30" class="1001" name="const_30">
<pin_list>
<pin id="31" dir="1" index="0" bw="1" slack="2147483647"/>
</pin_list>
<bind>
<StgValue><ssdm name="empty_8"/></StgValue>
</bind>
</comp>

<comp id="32" class="1001" name="const_32">
<pin_list>
<pin id="33" dir="1" index="0" bw="1" slack="2147483647"/>
</pin_list>
<bind>
<StgValue><ssdm name="empty_9"/></StgValue>
</bind>
</comp>

<comp id="34" class="1001" name="const_34">
<pin_list>
<pin id="35" dir="1" index="0" bw="1" slack="2147483647"/>
</pin_list>
<bind>
<StgValue><ssdm name="_ssdm_op_SpecInterface"/></StgValue>
</bind>
</comp>

<comp id="36" class="1001" name="const_36">
<pin_list>
<pin id="37" dir="1" index="0" bw="1" slack="2147483647"/>
</pin_list>
<bind>
<StgValue><ssdm name="empty"/></StgValue>
</bind>
</comp>

<comp id="38" class="1001" name="const_38">
<pin_list>
<pin id="39" dir="1" index="0" bw="1" slack="0"/>
</pin_list>
<bind>
<StgValue><ssdm name=""/></StgValue>
</bind>
</comp>

<comp id="40" class="1001" name="const_40">
<pin_list>
<pin id="41" dir="1" index="0" bw="1" slack="2147483647"/>
</pin_list>
<bind>
<StgValue><ssdm name="empty_0"/></StgValue>
</bind>
</comp>

<comp id="42" class="1001" name="const_42">
<pin_list>
<pin id="43" dir="1" index="0" bw="1" slack="2147483647"/>
</pin_list>
<bind>
<StgValue><ssdm name="empty_1"/></StgValue>
</bind>
</comp>

<comp id="44" class="1001" name="const_44">
<pin_list>
<pin id="45" dir="1" index="0" bw="1" slack="2147483647"/>
</pin_list>
<bind>
<StgValue><ssdm name=""/></StgValue>
</bind>
</comp>

<comp id="46" class="1001" name="const_46">
<pin_list>
<pin id="47" dir="1" index="0" bw="1" slack="0"/>
</pin_list>
<bind>
<StgValue><ssdm name="_ssdm_op_Read.ap_auto.i33"/></StgValue>
</bind>
</comp>

<comp id="48" class="1001" name="const_48">
<pin_list>
<pin id="49" dir="1" index="0" bw="1" slack="0"/>
</pin_list>
<bind>
<StgValue><ssdm name="_ssdm_op_Read.ap_auto.i1"/></StgValue>
</bind>
</comp>

<comp id="50" class="1001" name="const_50">
<pin_list>
<pin id="51" dir="1" index="0" bw="1" slack="0"/>
</pin_list>
<bind>
<StgValue><ssdm name="_ssdm_op_Read.ap_auto.i8"/></StgValue>
</bind>
</comp>

<comp id="52" class="1001" name="const_52">
<pin_list>
<pin id="53" dir="1" index="0" bw="1" slack="0"/>
</pin_list>
<bind>
<StgValue><ssdm name="_ssdm_op_Read.ap_auto.i32"/></StgValue>
</bind>
</comp>

<comp id="54" class="1001" name="const_54">
<pin_list>
<pin id="55" dir="1" index="0" bw="1" slack="0"/>
</pin_list>
<bind>
<StgValue><ssdm name="_ssdm_op_Read.axis.volatile.i32P0A.i4P0A.i4P0A.i1P0A"/></StgValue>
</bind>
</comp>

<comp id="56" class="1001" name="const_56">
<pin_list>
<pin id="57" dir="1" index="0" bw="1" slack="0"/>
</pin_list>
<bind>
<StgValue><ssdm name="_ssdm_op_PartSelect.i8.i32.i32.i32"/></StgValue>
</bind>
</comp>

<comp id="58" class="1001" name="const_58">
<pin_list>
<pin id="59" dir="1" index="0" bw="1" slack="0"/>
</pin_list>
<bind>
<StgValue><ssdm name=""/></StgValue>
</bind>
</comp>

<comp id="60" class="1001" name="const_60">
<pin_list>
<pin id="61" dir="1" index="0" bw="1" slack="0"/>
</pin_list>
<bind>
<StgValue><ssdm name=""/></StgValue>
</bind>
</comp>

<comp id="62" class="1001" name="const_62">
<pin_list>
<pin id="63" dir="1" index="0" bw="1" slack="0"/>
</pin_list>
<bind>
<StgValue><ssdm name=""/></StgValue>
</bind>
</comp>

<comp id="64" class="1001" name="const_64">
<pin_list>
<pin id="65" dir="1" index="0" bw="1" slack="0"/>
</pin_list>
<bind>
<StgValue><ssdm name=""/></StgValue>
</bind>
</comp>

<comp id="66" class="1001" name="const_66">
<pin_list>
<pin id="67" dir="1" index="0" bw="1" slack="0"/>
</pin_list>
<bind>
<StgValue><ssdm name=""/></StgValue>
</bind>
</comp>

<comp id="68" class="1001" name="const_68">
<pin_list>
<pin id="69" dir="1" index="0" bw="1" slack="0"/>
</pin_list>
<bind>
<StgValue><ssdm name=""/></StgValue>
</bind>
</comp>

<comp id="70" class="1001" name="const_70">
<pin_list>
<pin id="71" dir="1" index="0" bw="1" slack="0"/>
</pin_list>
<bind>
<StgValue><ssdm name=""/></StgValue>
</bind>
</comp>

<comp id="72" class="1001" name="const_72">
<pin_list>
<pin id="73" dir="1" index="0" bw="1" slack="2147483647"/>
</pin_list>
<bind>
<StgValue><ssdm name="_ssdm_op_SpecPipeline"/></StgValue>
</bind>
</comp>

<comp id="74" class="1001" name="const_74">
<pin_list>
<pin id="75" dir="1" index="0" bw="1" slack="2147483647"/>
</pin_list>
<bind>
<StgValue><ssdm name="_ssdm_op_SpecLoopTripCount"/></StgValue>
</bind>
</comp>

<comp id="76" class="1001" name="const_76">
<pin_list>
<pin id="77" dir="1" index="0" bw="1" slack="2147483647"/>
</pin_list>
<bind>
<StgValue><ssdm name=""/></StgValue>
</bind>
</comp>

<comp id="78" class="1001" name="const_78">
<pin_list>
<pin id="79" dir="1" index="0" bw="1" slack="2147483647"/>
</pin_list>
<bind>
<StgValue><ssdm name="_ssdm_op_SpecLoopName"/></StgValue>
</bind>
</comp>

<comp id="80" class="1001" name="const_80">
<pin_list>
<pin id="81" dir="1" index="0" bw="1" slack="2147483647"/>
</pin_list>
<bind>
<StgValue><ssdm name="empty_11"/></StgValue>
</bind>
</comp>

<comp id="82" class="1001" name="const_82">
<pin_list>
<pin id="83" dir="1" index="0" bw="1" slack="0"/>
</pin_list>
<bind>
<StgValue><ssdm name="_ssdm_op_PartSelect.i8.i16.i32.i32"/></StgValue>
</bind>
</comp>

<comp id="84" class="1001" name="const_84">
<pin_list>
<pin id="85" dir="1" index="0" bw="1" slack="0"/>
</pin_list>
<bind>
<StgValue><ssdm name=""/></StgValue>
</bind>
</comp>

<comp id="86" class="1001" name="const_86">
<pin_list>
<pin id="87" dir="1" index="0" bw="1" slack="0"/>
</pin_list>
<bind>
<StgValue><ssdm name=""/></StgValue>
</bind>
</comp>

<comp id="88" class="1001" name="const_88">
<pin_list>
<pin id="89" dir="1" index="0" bw="1" slack="0"/>
</pin_list>
<bind>
<StgValue><ssdm name=""/></StgValue>
</bind>
</comp>

<comp id="90" class="1001" name="const_90">
<pin_list>
<pin id="91" dir="1" index="0" bw="1" slack="0"/>
</pin_list>
<bind>
<StgValue><ssdm name="_ssdm_op_Write.axis.volatile.i8P0A.i1P0A.i1P0A.i1P0A"/></StgValue>
</bind>
</comp>

<comp id="92" class="1004" name="i_V_fu_92">
<pin_list>
<pin id="93" dir="0" index="0" bw="1" slack="0"/>
<pin id="94" dir="1" index="1" bw="32" slack="0"/>
</pin_list>
<bind>
<opcode="alloca(26) " fcode="alloca"/>
<opset="i_V/1 "/>
</bind>
</comp>

<comp id="96" class="1004" name="sub_i_i_read_read_fu_96">
<pin_list>
<pin id="97" dir="0" index="0" bw="33" slack="0"/>
<pin id="98" dir="0" index="1" bw="33" slack="0"/>
<pin id="99" dir="1" index="2" bw="33" slack="0"/>
</pin_list>
<bind>
<opcode="read(1150) " fcode="read"/>
<opset="sub_i_i_read/1 "/>
</bind>
</comp>

<comp id="102" class="1004" name="invert_read_read_fu_102">
<pin_list>
<pin id="103" dir="0" index="0" bw="1" slack="0"/>
<pin id="104" dir="0" index="1" bw="1" slack="0"/>
<pin id="105" dir="1" index="2" bw="1" slack="4"/>
</pin_list>
<bind>
<opcode="read(1150) " fcode="read"/>
<opset="invert_read/1 "/>
</bind>
</comp>

<comp id="108" class="1004" name="threshold_read_read_fu_108">
<pin_list>
<pin id="109" dir="0" index="0" bw="8" slack="0"/>
<pin id="110" dir="0" index="1" bw="8" slack="0"/>
<pin id="111" dir="1" index="2" bw="8" slack="4"/>
</pin_list>
<bind>
<opcode="read(1150) " fcode="read"/>
<opset="threshold_read/1 "/>
</bind>
</comp>

<comp id="114" class="1004" name="size_read_read_fu_114">
<pin_list>
<pin id="115" dir="0" index="0" bw="32" slack="0"/>
<pin id="116" dir="0" index="1" bw="32" slack="0"/>
<pin id="117" dir="1" index="2" bw="32" slack="0"/>
</pin_list>
<bind>
<opcode="read(1150) " fcode="read"/>
<opset="size_read/1 "/>
</bind>
</comp>

<comp id="120" class="1004" name="empty_read_fu_120">
<pin_list>
<pin id="121" dir="0" index="0" bw="41" slack="0"/>
<pin id="122" dir="0" index="1" bw="32" slack="0"/>
<pin id="123" dir="0" index="2" bw="4" slack="0"/>
<pin id="124" dir="0" index="3" bw="4" slack="0"/>
<pin id="125" dir="0" index="4" bw="1" slack="0"/>
<pin id="126" dir="1" index="5" bw="41" slack="0"/>
</pin_list>
<bind>
<opcode="read(1150) " fcode="read"/>
<opset="empty/1 "/>
</bind>
</comp>

<comp id="132" class="1004" name="write_ln258_write_fu_132">
<pin_list>
<pin id="133" dir="0" index="0" bw="0" slack="0"/>
<pin id="134" dir="0" index="1" bw="8" slack="0"/>
<pin id="135" dir="0" index="2" bw="1" slack="0"/>
<pin id="136" dir="0" index="3" bw="1" slack="0"/>
<pin id="137" dir="0" index="4" bw="1" slack="0"/>
<pin id="138" dir="0" index="5" bw="8" slack="0"/>
<pin id="139" dir="0" index="6" bw="1" slack="0"/>
<pin id="140" dir="0" index="7" bw="1" slack="0"/>
<pin id="141" dir="0" index="8" bw="1" slack="4"/>
<pin id="142" dir="1" index="9" bw="0" slack="2147483647"/>
</pin_list>
<bind>
<opcode="write(1151) " fcode="write"/>
<opset="write_ln258/5 "/>
</bind>
</comp>

<comp id="150" class="1004" name="store_ln0_store_fu_150">
<pin_list>
<pin id="151" dir="0" index="0" bw="1" slack="0"/>
<pin id="152" dir="0" index="1" bw="32" slack="0"/>
<pin id="153" dir="1" index="2" bw="0" slack="2147483647"/>
</pin_list>
<bind>
<opcode="store(28) " fcode="store"/>
<opset="store_ln0/1 "/>
</bind>
</comp>

<comp id="155" class="1004" name="i_V_1_load_fu_155">
<pin_list>
<pin id="156" dir="0" index="0" bw="32" slack="0"/>
<pin id="157" dir="1" index="1" bw="32" slack="0"/>
</pin_list>
<bind>
<opcode="load(27) " fcode="load"/>
<opset="i_V_1/1 "/>
</bind>
</comp>

<comp id="158" class="1004" name="icmp_ln1027_fu_158">
<pin_list>
<pin id="159" dir="0" index="0" bw="32" slack="0"/>
<pin id="160" dir="0" index="1" bw="32" slack="0"/>
<pin id="161" dir="1" index="2" bw="1" slack="3"/>
</pin_list>
<bind>
<opcode="icmp(45) " fcode="icmp"/>
<opset="icmp_ln1027/1 "/>
</bind>
</comp>

<comp id="164" class="1004" name="i_V_2_fu_164">
<pin_list>
<pin id="165" dir="0" index="0" bw="32" slack="0"/>
<pin id="166" dir="0" index="1" bw="1" slack="0"/>
<pin id="167" dir="1" index="2" bw="32" slack="0"/>
</pin_list>
<bind>
<opcode="add(8) " fcode="add"/>
<opset="i_V_2/1 "/>
</bind>
</comp>

<comp id="170" class="1004" name="tmp_data_V_1_fu_170">
<pin_list>
<pin id="171" dir="0" index="0" bw="41" slack="0"/>
<pin id="172" dir="1" index="1" bw="32" slack="0"/>
</pin_list>
<bind>
<opcode="extractvalue(56) " fcode="extractvalue"/>
<opset="tmp_data_V_1/1 "/>
</bind>
</comp>

<comp id="174" class="1004" name="r_fu_174">
<pin_list>
<pin id="175" dir="0" index="0" bw="32" slack="0"/>
<pin id="176" dir="1" index="1" bw="8" slack="0"/>
</pin_list>
<bind>
<opcode="trunc(33) " fcode="trunc"/>
<opset="r/1 "/>
</bind>
</comp>

<comp id="178" class="1004" name="g_fu_178">
<pin_list>
<pin id="179" dir="0" index="0" bw="8" slack="0"/>
<pin id="180" dir="0" index="1" bw="32" slack="0"/>
<pin id="181" dir="0" index="2" bw="5" slack="0"/>
<pin id="182" dir="0" index="3" bw="5" slack="0"/>
<pin id="183" dir="1" index="4" bw="8" slack="2"/>
</pin_list>
<bind>
<opcode="partselect(1002) " fcode="partselect"/>
<opset="g/1 "/>
</bind>
</comp>

<comp id="188" class="1004" name="b_V_fu_188">
<pin_list>
<pin id="189" dir="0" index="0" bw="8" slack="0"/>
<pin id="190" dir="0" index="1" bw="32" slack="0"/>
<pin id="191" dir="0" index="2" bw="6" slack="0"/>
<pin id="192" dir="0" index="3" bw="6" slack="0"/>
<pin id="193" dir="1" index="4" bw="8" slack="1"/>
</pin_list>
<bind>
<opcode="partselect(1002) " fcode="partselect"/>
<opset="b_V/1 "/>
</bind>
</comp>

<comp id="198" class="1004" name="zext_ln1494_fu_198">
<pin_list>
<pin id="199" dir="0" index="0" bw="8" slack="0"/>
<pin id="200" dir="1" index="1" bw="15" slack="0"/>
</pin_list>
<bind>
<opcode="zext(34) " fcode="zext"/>
<opset="zext_ln1494/1 "/>
</bind>
</comp>

<comp id="202" class="1004" name="zext_ln1019_fu_202">
<pin_list>
<pin id="203" dir="0" index="0" bw="32" slack="0"/>
<pin id="204" dir="1" index="1" bw="33" slack="0"/>
</pin_list>
<bind>
<opcode="zext(34) " fcode="zext"/>
<opset="zext_ln1019/1 "/>
</bind>
</comp>

<comp id="206" class="1004" name="pout_last_V_fu_206">
<pin_list>
<pin id="207" dir="0" index="0" bw="33" slack="0"/>
<pin id="208" dir="0" index="1" bw="33" slack="0"/>
<pin id="209" dir="1" index="2" bw="1" slack="4"/>
</pin_list>
<bind>
<opcode="icmp(45) " fcode="icmp"/>
<opset="pout_last_V/1 "/>
</bind>
</comp>

<comp id="212" class="1004" name="store_ln21_store_fu_212">
<pin_list>
<pin id="213" dir="0" index="0" bw="32" slack="0"/>
<pin id="214" dir="0" index="1" bw="32" slack="0"/>
<pin id="215" dir="1" index="2" bw="0" slack="2147483647"/>
</pin_list>
<bind>
<opcode="store(28) " fcode="store"/>
<opset="store_ln21/1 "/>
</bind>
</comp>

<comp id="217" class="1004" name="zext_ln1494_2_fu_217">
<pin_list>
<pin id="218" dir="0" index="0" bw="8" slack="1"/>
<pin id="219" dir="1" index="1" bw="13" slack="0"/>
</pin_list>
<bind>
<opcode="zext(34) " fcode="zext"/>
<opset="zext_ln1494_2/2 "/>
</bind>
</comp>

<comp id="220" class="1004" name="zext_ln1494_1_fu_220">
<pin_list>
<pin id="221" dir="0" index="0" bw="8" slack="2"/>
<pin id="222" dir="1" index="1" bw="16" slack="0"/>
</pin_list>
<bind>
<opcode="zext(34) " fcode="zext"/>
<opset="zext_ln1494_1/3 "/>
</bind>
</comp>

<comp id="223" class="1004" name="ret_V_7_fu_223">
<pin_list>
<pin id="224" dir="0" index="0" bw="8" slack="0"/>
<pin id="225" dir="0" index="1" bw="9" slack="0"/>
<pin id="226" dir="1" index="2" bw="16" slack="0"/>
</pin_list>
<bind>
<opcode="mul(12) " fcode="mul"/>
<opset="ret_V_7/3 "/>
</bind>
</comp>

<comp id="229" class="1004" name="trunc_ln_fu_229">
<pin_list>
<pin id="230" dir="0" index="0" bw="8" slack="0"/>
<pin id="231" dir="0" index="1" bw="16" slack="0"/>
<pin id="232" dir="0" index="2" bw="5" slack="0"/>
<pin id="233" dir="0" index="3" bw="5" slack="0"/>
<pin id="234" dir="1" index="4" bw="8" slack="0"/>
</pin_list>
<bind>
<opcode="partselect(1002) " fcode="partselect"/>
<opset="trunc_ln/5 "/>
</bind>
</comp>

<comp id="238" class="1004" name="icmp_ln1031_fu_238">
<pin_list>
<pin id="239" dir="0" index="0" bw="8" slack="0"/>
<pin id="240" dir="0" index="1" bw="8" slack="4"/>
<pin id="241" dir="1" index="2" bw="1" slack="0"/>
</pin_list>
<bind>
<opcode="icmp(45) " fcode="icmp"/>
<opset="icmp_ln1031/5 "/>
</bind>
</comp>

<comp id="243" class="1004" name="white_V_fu_243">
<pin_list>
<pin id="244" dir="0" index="0" bw="1" slack="0"/>
<pin id="245" dir="0" index="1" bw="1" slack="0"/>
<pin id="246" dir="1" index="2" bw="1" slack="0"/>
</pin_list>
<bind>
<opcode="xor(25) " fcode="xor"/>
<opset="white_V/5 "/>
</bind>
</comp>

<comp id="249" class="1004" name="ret_V_8_fu_249">
<pin_list>
<pin id="250" dir="0" index="0" bw="1" slack="0"/>
<pin id="251" dir="0" index="1" bw="1" slack="4"/>
<pin id="252" dir="1" index="2" bw="1" slack="0"/>
</pin_list>
<bind>
<opcode="xor(25) " fcode="xor"/>
<opset="ret_V_8/5 "/>
</bind>
</comp>

<comp id="254" class="1004" name="select_ln35_fu_254">
<pin_list>
<pin id="255" dir="0" index="0" bw="1" slack="0"/>
<pin id="256" dir="0" index="1" bw="8" slack="0"/>
<pin id="257" dir="0" index="2" bw="8" slack="0"/>
<pin id="258" dir="1" index="3" bw="8" slack="0"/>
</pin_list>
<bind>
<opcode="select(49) " fcode="select"/>
<opset="select_ln35/5 "/>
</bind>
</comp>

<comp id="263" class="1007" name="grp_fu_263">
<pin_list>
<pin id="264" dir="0" index="0" bw="8" slack="0"/>
<pin id="265" dir="0" index="1" bw="7" slack="0"/>
<pin id="266" dir="0" index="2" bw="16" slack="0"/>
<pin id="267" dir="1" index="3" bw="16" slack="0"/>
</pin_list>
<bind>
<opcode="muladd(1172) " fcode="muladd"/>
<opset="ret_V_6/1 zext_ln1495/3 ret_V/3 "/>
</bind>
</comp>

<comp id="271" class="1007" name="grp_fu_271">
<pin_list>
<pin id="272" dir="0" index="0" bw="8" slack="0"/>
<pin id="273" dir="0" index="1" bw="5" slack="0"/>
<pin id="274" dir="0" index="2" bw="16" slack="0"/>
<pin id="275" dir="1" index="3" bw="16" slack="0"/>
</pin_list>
<bind>
<opcode="muladd(1172) " fcode="muladd"/>
<opset="ret_V_3/2 zext_ln1495_1/4 ret_V_4/4 "/>
</bind>
</comp>

<comp id="280" class="1005" name="i_V_reg_280">
<pin_list>
<pin id="281" dir="0" index="0" bw="32" slack="0"/>
<pin id="282" dir="1" index="1" bw="32" slack="0"/>
</pin_list>
<bind>
<opset="i_V "/>
</bind>
</comp>

<comp id="287" class="1005" name="invert_read_reg_287">
<pin_list>
<pin id="288" dir="0" index="0" bw="1" slack="4"/>
<pin id="289" dir="1" index="1" bw="1" slack="4"/>
</pin_list>
<bind>
<opset="invert_read "/>
</bind>
</comp>

<comp id="292" class="1005" name="threshold_read_reg_292">
<pin_list>
<pin id="293" dir="0" index="0" bw="8" slack="4"/>
<pin id="294" dir="1" index="1" bw="8" slack="4"/>
</pin_list>
<bind>
<opset="threshold_read "/>
</bind>
</comp>

<comp id="297" class="1005" name="icmp_ln1027_reg_297">
<pin_list>
<pin id="298" dir="0" index="0" bw="1" slack="3"/>
<pin id="299" dir="1" index="1" bw="1" slack="2147483647"/>
</pin_list>
<bind>
<opset="icmp_ln1027 "/>
</bind>
</comp>

<comp id="301" class="1005" name="g_reg_301">
<pin_list>
<pin id="302" dir="0" index="0" bw="8" slack="2"/>
<pin id="303" dir="1" index="1" bw="8" slack="2"/>
</pin_list>
<bind>
<opset="g "/>
</bind>
</comp>

<comp id="306" class="1005" name="b_V_reg_306">
<pin_list>
<pin id="307" dir="0" index="0" bw="8" slack="1"/>
<pin id="308" dir="1" index="1" bw="8" slack="1"/>
</pin_list>
<bind>
<opset="b_V "/>
</bind>
</comp>

<comp id="311" class="1005" name="zext_ln1494_reg_311">
<pin_list>
<pin id="312" dir="0" index="0" bw="15" slack="1"/>
<pin id="313" dir="1" index="1" bw="15" slack="1"/>
</pin_list>
<bind>
<opset="zext_ln1494 "/>
</bind>
</comp>

<comp id="316" class="1005" name="pout_last_V_reg_316">
<pin_list>
<pin id="317" dir="0" index="0" bw="1" slack="4"/>
<pin id="318" dir="1" index="1" bw="1" slack="4"/>
</pin_list>
<bind>
<opset="pout_last_V "/>
</bind>
</comp>

<comp id="321" class="1005" name="zext_ln1494_2_reg_321">
<pin_list>
<pin id="322" dir="0" index="0" bw="13" slack="1"/>
<pin id="323" dir="1" index="1" bw="13" slack="1"/>
</pin_list>
<bind>
<opset="zext_ln1494_2 "/>
</bind>
</comp>

<comp id="326" class="1005" name="ret_V_7_reg_326">
<pin_list>
<pin id="327" dir="0" index="0" bw="16" slack="1"/>
<pin id="328" dir="1" index="1" bw="16" slack="1"/>
</pin_list>
<bind>
<opset="ret_V_7 "/>
</bind>
</comp>

<comp id="331" class="1005" name="ret_V_reg_331">
<pin_list>
<pin id="332" dir="0" index="0" bw="16" slack="1"/>
<pin id="333" dir="1" index="1" bw="16" slack="1"/>
</pin_list>
<bind>
<opset="ret_V "/>
</bind>
</comp>

</comp_list>

<net_list>
<net id="95"><net_src comp="24" pin="0"/><net_sink comp="92" pin=0"/></net>

<net id="100"><net_src comp="46" pin="0"/><net_sink comp="96" pin=0"/></net>

<net id="101"><net_src comp="14" pin="0"/><net_sink comp="96" pin=1"/></net>

<net id="106"><net_src comp="48" pin="0"/><net_sink comp="102" pin=0"/></net>

<net id="107"><net_src comp="12" pin="0"/><net_sink comp="102" pin=1"/></net>

<net id="112"><net_src comp="50" pin="0"/><net_sink comp="108" pin=0"/></net>

<net id="113"><net_src comp="10" pin="0"/><net_sink comp="108" pin=1"/></net>

<net id="118"><net_src comp="52" pin="0"/><net_sink comp="114" pin=0"/></net>

<net id="119"><net_src comp="0" pin="0"/><net_sink comp="114" pin=1"/></net>

<net id="127"><net_src comp="54" pin="0"/><net_sink comp="120" pin=0"/></net>

<net id="128"><net_src comp="2" pin="0"/><net_sink comp="120" pin=1"/></net>

<net id="129"><net_src comp="4" pin="0"/><net_sink comp="120" pin=2"/></net>

<net id="130"><net_src comp="6" pin="0"/><net_sink comp="120" pin=3"/></net>

<net id="131"><net_src comp="8" pin="0"/><net_sink comp="120" pin=4"/></net>

<net id="143"><net_src comp="90" pin="0"/><net_sink comp="132" pin=0"/></net>

<net id="144"><net_src comp="16" pin="0"/><net_sink comp="132" pin=1"/></net>

<net id="145"><net_src comp="18" pin="0"/><net_sink comp="132" pin=2"/></net>

<net id="146"><net_src comp="20" pin="0"/><net_sink comp="132" pin=3"/></net>

<net id="147"><net_src comp="22" pin="0"/><net_sink comp="132" pin=4"/></net>

<net id="148"><net_src comp="84" pin="0"/><net_sink comp="132" pin=6"/></net>

<net id="149"><net_src comp="84" pin="0"/><net_sink comp="132" pin=7"/></net>

<net id="154"><net_src comp="38" pin="0"/><net_sink comp="150" pin=0"/></net>

<net id="162"><net_src comp="155" pin="1"/><net_sink comp="158" pin=0"/></net>

<net id="163"><net_src comp="114" pin="2"/><net_sink comp="158" pin=1"/></net>

<net id="168"><net_src comp="155" pin="1"/><net_sink comp="164" pin=0"/></net>

<net id="169"><net_src comp="24" pin="0"/><net_sink comp="164" pin=1"/></net>

<net id="173"><net_src comp="120" pin="5"/><net_sink comp="170" pin=0"/></net>

<net id="177"><net_src comp="170" pin="1"/><net_sink comp="174" pin=0"/></net>

<net id="184"><net_src comp="56" pin="0"/><net_sink comp="178" pin=0"/></net>

<net id="185"><net_src comp="170" pin="1"/><net_sink comp="178" pin=1"/></net>

<net id="186"><net_src comp="58" pin="0"/><net_sink comp="178" pin=2"/></net>

<net id="187"><net_src comp="60" pin="0"/><net_sink comp="178" pin=3"/></net>

<net id="194"><net_src comp="56" pin="0"/><net_sink comp="188" pin=0"/></net>

<net id="195"><net_src comp="170" pin="1"/><net_sink comp="188" pin=1"/></net>

<net id="196"><net_src comp="62" pin="0"/><net_sink comp="188" pin=2"/></net>

<net id="197"><net_src comp="64" pin="0"/><net_sink comp="188" pin=3"/></net>

<net id="201"><net_src comp="174" pin="1"/><net_sink comp="198" pin=0"/></net>

<net id="205"><net_src comp="155" pin="1"/><net_sink comp="202" pin=0"/></net>

<net id="210"><net_src comp="96" pin="2"/><net_sink comp="206" pin=0"/></net>

<net id="211"><net_src comp="202" pin="1"/><net_sink comp="206" pin=1"/></net>

<net id="216"><net_src comp="164" pin="2"/><net_sink comp="212" pin=0"/></net>

<net id="227"><net_src comp="220" pin="1"/><net_sink comp="223" pin=0"/></net>

<net id="228"><net_src comp="70" pin="0"/><net_sink comp="223" pin=1"/></net>

<net id="235"><net_src comp="82" pin="0"/><net_sink comp="229" pin=0"/></net>

<net id="236"><net_src comp="58" pin="0"/><net_sink comp="229" pin=2"/></net>

<net id="237"><net_src comp="60" pin="0"/><net_sink comp="229" pin=3"/></net>

<net id="242"><net_src comp="229" pin="4"/><net_sink comp="238" pin=0"/></net>

<net id="247"><net_src comp="238" pin="2"/><net_sink comp="243" pin=0"/></net>

<net id="248"><net_src comp="84" pin="0"/><net_sink comp="243" pin=1"/></net>

<net id="253"><net_src comp="243" pin="2"/><net_sink comp="249" pin=0"/></net>

<net id="259"><net_src comp="249" pin="2"/><net_sink comp="254" pin=0"/></net>

<net id="260"><net_src comp="86" pin="0"/><net_sink comp="254" pin=1"/></net>

<net id="261"><net_src comp="88" pin="0"/><net_sink comp="254" pin=2"/></net>

<net id="262"><net_src comp="254" pin="3"/><net_sink comp="132" pin=5"/></net>

<net id="268"><net_src comp="198" pin="1"/><net_sink comp="263" pin=0"/></net>

<net id="269"><net_src comp="66" pin="0"/><net_sink comp="263" pin=1"/></net>

<net id="270"><net_src comp="223" pin="2"/><net_sink comp="263" pin=2"/></net>

<net id="276"><net_src comp="217" pin="1"/><net_sink comp="271" pin=0"/></net>

<net id="277"><net_src comp="68" pin="0"/><net_sink comp="271" pin=1"/></net>

<net id="278"><net_src comp="263" pin="3"/><net_sink comp="271" pin=2"/></net>

<net id="279"><net_src comp="271" pin="3"/><net_sink comp="229" pin=1"/></net>

<net id="283"><net_src comp="92" pin="1"/><net_sink comp="280" pin=0"/></net>

<net id="284"><net_src comp="280" pin="1"/><net_sink comp="150" pin=1"/></net>

<net id="285"><net_src comp="280" pin="1"/><net_sink comp="155" pin=0"/></net>

<net id="286"><net_src comp="280" pin="1"/><net_sink comp="212" pin=1"/></net>

<net id="290"><net_src comp="102" pin="2"/><net_sink comp="287" pin=0"/></net>

<net id="291"><net_src comp="287" pin="1"/><net_sink comp="249" pin=1"/></net>

<net id="295"><net_src comp="108" pin="2"/><net_sink comp="292" pin=0"/></net>

<net id="296"><net_src comp="292" pin="1"/><net_sink comp="238" pin=1"/></net>

<net id="300"><net_src comp="158" pin="2"/><net_sink comp="297" pin=0"/></net>

<net id="304"><net_src comp="178" pin="4"/><net_sink comp="301" pin=0"/></net>

<net id="305"><net_src comp="301" pin="1"/><net_sink comp="220" pin=0"/></net>

<net id="309"><net_src comp="188" pin="4"/><net_sink comp="306" pin=0"/></net>

<net id="310"><net_src comp="306" pin="1"/><net_sink comp="217" pin=0"/></net>

<net id="314"><net_src comp="198" pin="1"/><net_sink comp="311" pin=0"/></net>

<net id="315"><net_src comp="311" pin="1"/><net_sink comp="263" pin=0"/></net>

<net id="319"><net_src comp="206" pin="2"/><net_sink comp="316" pin=0"/></net>

<net id="320"><net_src comp="316" pin="1"/><net_sink comp="132" pin=8"/></net>

<net id="324"><net_src comp="217" pin="1"/><net_sink comp="321" pin=0"/></net>

<net id="325"><net_src comp="321" pin="1"/><net_sink comp="271" pin=0"/></net>

<net id="329"><net_src comp="223" pin="2"/><net_sink comp="326" pin=0"/></net>

<net id="330"><net_src comp="326" pin="1"/><net_sink comp="263" pin=0"/></net>

<net id="334"><net_src comp="263" pin="3"/><net_sink comp="331" pin=0"/></net>

<net id="335"><net_src comp="331" pin="1"/><net_sink comp="271" pin=0"/></net>

</net_list>

</model> 
---------------- Datapath Model END ------------------

* FSMD analyzer results:
  - Output states:
	Port: src_V_data_V | {}
	Port: src_V_keep_V | {}
	Port: src_V_strb_V | {}
	Port: src_V_last_V | {}
	Port: dst_V_data_V | {5 }
	Port: dst_V_keep_V | {5 }
	Port: dst_V_strb_V | {5 }
	Port: dst_V_last_V | {5 }
 - Input state : 
	Port: qr_binarize_Pipeline_VITIS_LOOP_21_1 : size | {1 }
	Port: qr_binarize_Pipeline_VITIS_LOOP_21_1 : src_V_data_V | {1 }
	Port: qr_binarize_Pipeline_VITIS_LOOP_21_1 : src_V_keep_V | {1 }
	Port: qr_binarize_Pipeline_VITIS_LOOP_21_1 : src_V_strb_V | {1 }
	Port: qr_binarize_Pipeline_VITIS_LOOP_21_1 : src_V_last_V | {1 }
	Port: qr_binarize_Pipeline_VITIS_LOOP_21_1 : threshold | {1 }
	Port: qr_binarize_Pipeline_VITIS_LOOP_21_1 : invert | {1 }
	Port: qr_binarize_Pipeline_VITIS_LOOP_21_1 : sub_i_i | {1 }
	Port: qr_binarize_Pipeline_VITIS_LOOP_21_1 : dst_V_data_V | {}
	Port: qr_binarize_Pipeline_VITIS_LOOP_21_1 : dst_V_keep_V | {}
	Port: qr_binarize_Pipeline_VITIS_LOOP_21_1 : dst_V_strb_V | {}
	Port: qr_binarize_Pipeline_VITIS_LOOP_21_1 : dst_V_last_V | {}
  - Chain level:
	State 1
		store_ln0 : 1
		i_V_1 : 1
		icmp_ln1027 : 2
		i_V_2 : 2
		br_ln21 : 3
		r : 1
		g : 1
		b_V : 1
		zext_ln1494 : 2
		ret_V_6 : 3
		zext_ln1019 : 2
		pout_last_V : 3
		store_ln21 : 3
	State 2
		ret_V_3 : 1
	State 3
		ret_V_7 : 1
		zext_ln1495 : 1
		ret_V : 2
	State 4
		zext_ln1495_1 : 1
		ret_V_4 : 2
	State 5
		trunc_ln : 1
		icmp_ln1031 : 2
		white_V : 3
		ret_V_8 : 3
		select_ln35 : 3
		write_ln258 : 4


============================================================
+ Verbose Summary: Datapath Resource usage 
============================================================

* Functional unit list:
|----------|----------------------------|---------|---------|---------|
| Operation|       Functional Unit      |   DSP   |    FF   |   LUT   |
|----------|----------------------------|---------|---------|---------|
|    mul   |       ret_V_7_fu_223       |    0    |    0    |    51   |
|----------|----------------------------|---------|---------|---------|
|          |     icmp_ln1027_fu_158     |    0    |    0    |    18   |
|   icmp   |     pout_last_V_fu_206     |    0    |    0    |    18   |
|          |     icmp_ln1031_fu_238     |    0    |    0    |    11   |
|----------|----------------------------|---------|---------|---------|
|    add   |        i_V_2_fu_164        |    0    |    0    |    39   |
|----------|----------------------------|---------|---------|---------|
|  select  |     select_ln35_fu_254     |    0    |    0    |    8    |
|----------|----------------------------|---------|---------|---------|
|    xor   |       white_V_fu_243       |    0    |    0    |    2    |
|          |       ret_V_8_fu_249       |    0    |    0    |    2    |
|----------|----------------------------|---------|---------|---------|
|  muladd  |         grp_fu_263         |    1    |    0    |    0    |
|          |         grp_fu_271         |    1    |    0    |    0    |
|----------|----------------------------|---------|---------|---------|
|          |   sub_i_i_read_read_fu_96  |    0    |    0    |    0    |
|          |   invert_read_read_fu_102  |    0    |    0    |    0    |
|   read   | threshold_read_read_fu_108 |    0    |    0    |    0    |
|          |    size_read_read_fu_114   |    0    |    0    |    0    |
|          |      empty_read_fu_120     |    0    |    0    |    0    |
|----------|----------------------------|---------|---------|---------|
|   write  |  write_ln258_write_fu_132  |    0    |    0    |    0    |
|----------|----------------------------|---------|---------|---------|
|extractvalue|     tmp_data_V_1_fu_170    |    0    |    0    |    0    |
|----------|----------------------------|---------|---------|---------|
|   trunc  |          r_fu_174          |    0    |    0    |    0    |
|----------|----------------------------|---------|---------|---------|
|          |          g_fu_178          |    0    |    0    |    0    |
|partselect|         b_V_fu_188         |    0    |    0    |    0    |
|          |       trunc_ln_fu_229      |    0    |    0    |    0    |
|----------|----------------------------|---------|---------|---------|
|          |     zext_ln1494_fu_198     |    0    |    0    |    0    |
|   zext   |     zext_ln1019_fu_202     |    0    |    0    |    0    |
|          |    zext_ln1494_2_fu_217    |    0    |    0    |    0    |
|          |    zext_ln1494_1_fu_220    |    0    |    0    |    0    |
|----------|----------------------------|---------|---------|---------|
|   Total  |                            |    2    |    0    |   149   |
|----------|----------------------------|---------|---------|---------|

Memories:
N/A

* Register list:
+----------------------+--------+
|                      |   FF   |
+----------------------+--------+
|      b_V_reg_306     |    8   |
|       g_reg_301      |    8   |
|      i_V_reg_280     |   32   |
|  icmp_ln1027_reg_297 |    1   |
|  invert_read_reg_287 |    1   |
|  pout_last_V_reg_316 |    1   |
|    ret_V_7_reg_326   |   16   |
|     ret_V_reg_331    |   16   |
|threshold_read_reg_292|    8   |
| zext_ln1494_2_reg_321|   13   |
|  zext_ln1494_reg_311 |   15   |
+----------------------+--------+
|         Total        |   119  |
+----------------------+--------+

* Multiplexer (MUX) list: 
|------------|------|------|------|--------||---------||---------|
|    Comp    |  Pin | Size |  BW  | S x BW ||  Delay  ||   LUT   |
|------------|------|------|------|--------||---------||---------|
| grp_fu_263 |  p0  |   3  |   8  |   24   ||    14   |
| grp_fu_271 |  p0  |   3  |   8  |   24   ||    14   |
|------------|------|------|------|--------||---------||---------|
|    Total   |      |      |      |   48   ||  3.4146 ||    28   |
|------------|------|------|------|--------||---------||---------|



* Summary:
+-----------+--------+--------+--------+--------+
|           |   DSP  |  Delay |   FF   |   LUT  |
+-----------+--------+--------+--------+--------+
|  Function |    2   |    -   |    0   |   149  |
|   Memory  |    -   |    -   |    -   |    -   |
|Multiplexer|    -   |    3   |    -   |   28   |
|  Register |    -   |    -   |   119  |    -   |
+-----------+--------+--------+--------+--------+
|   Total   |    2   |    3   |   119  |   177  |
+-----------+--------+--------+--------+--------+
